{"timestamp":"2025-06-26T02:27:11.731Z","userId":"6ac69871-d613-420b-9a25-7e5d175f92b3","email":"rdee199@gmail.com","eventType":"SUMMARIZE_START","details":{"messageCount":0,"sessionEnd":true,"trigger":"session_end"}}
{"timestamp":"2025-06-26T02:27:14.735Z","userId":"6ac69871-d613-420b-9a25-7e5d175f92b3","email":"rdee199@gmail.com","eventType":"MANUAL_REFRESH","details":{"success":true,"summaryLength":1523,"profileStatus":"Profile has memory_summary of length 1523 (updated: 2025-06-21T03:16:13.472727+00:00)"}}
{"timestamp":"2025-06-26T02:27:18.394Z","userId":"6ac69871-d613-420b-9a25-7e5d175f92b3","email":"rdee199@gmail.com","eventType":"SUMMARIZE_START","details":{"messageCount":0,"sessionEnd":true,"trigger":"session_end"}}
{"timestamp":"2025-06-26T02:27:21.703Z","userId":"6ac69871-d613-420b-9a25-7e5d175f92b3","email":"rdee199@gmail.com","eventType":"MEMORY_UPDATE_SUCCESS","details":{"trigger":"periodic_6_messages","messageCount":12,"substantialCount":8,"summaryLength":1523,"topicShift":null}}
{"timestamp":"2025-06-26T02:32:32.686Z","userId":"6ac69871-d613-420b-9a25-7e5d175f92b3","email":"rdee199@gmail.com","eventType":"SUMMARIZE_START","details":{"messageCount":0,"sessionEnd":false,"trigger":"message_count"}}
{"timestamp":"2025-06-26T02:32:36.175Z","userId":"6ac69871-d613-420b-9a25-7e5d175f92b3","email":"rdee199@gmail.com","eventType":"MEMORY_UPDATE_SUCCESS","details":{"trigger":"periodic_6_messages","messageCount":12,"substantialCount":8,"summaryLength":1523,"topicShift":null}}
{"timestamp":"2025-06-26T02:33:24.974Z","userId":"6ac69871-d613-420b-9a25-7e5d175f92b3","email":"rdee199@gmail.com","eventType":"SUMMARIZE_START","details":{"messageCount":0,"sessionEnd":false,"trigger":"message_count"}}
{"timestamp":"2025-06-26T02:33:27.576Z","userId":"6ac69871-d613-420b-9a25-7e5d175f92b3","email":"rdee199@gmail.com","eventType":"MEMORY_UPDATE_SUCCESS","details":{"trigger":"periodic_6_messages","messageCount":12,"substantialCount":9,"summaryLength":1523,"topicShift":null}}
{"timestamp":"2025-06-26T02:34:06.688Z","userId":"6ac69871-d613-420b-9a25-7e5d175f92b3","email":"rdee199@gmail.com","eventType":"SUMMARIZE_START","details":{"messageCount":0,"sessionEnd":false,"trigger":"message_count"}}
{"timestamp":"2025-06-26T02:34:10.389Z","userId":"6ac69871-d613-420b-9a25-7e5d175f92b3","email":"rdee199@gmail.com","eventType":"MEMORY_UPDATE_SUCCESS","details":{"trigger":"periodic_6_messages","messageCount":12,"substantialCount":9,"summaryLength":1523,"topicShift":null}}
{"timestamp":"2025-06-26T02:34:29.254Z","userId":"6ac69871-d613-420b-9a25-7e5d175f92b3","email":"rdee199@gmail.com","eventType":"SUMMARIZE_START","details":{"messageCount":0,"sessionEnd":false,"trigger":"message_count"}}
{"timestamp":"2025-06-26T02:34:32.796Z","userId":"6ac69871-d613-420b-9a25-7e5d175f92b3","email":"rdee199@gmail.com","eventType":"MEMORY_UPDATE_SUCCESS","details":{"trigger":"periodic_6_messages","messageCount":12,"substantialCount":9,"summaryLength":1523,"topicShift":null}}
{"timestamp":"2025-06-26T02:35:09.011Z","userId":"6ac69871-d613-420b-9a25-7e5d175f92b3","email":"rdee199@gmail.com","eventType":"SUMMARIZE_START","details":{"messageCount":0,"sessionEnd":false,"trigger":"message_count"}}
{"timestamp":"2025-06-26T02:35:12.253Z","userId":"6ac69871-d613-420b-9a25-7e5d175f92b3","email":"rdee199@gmail.com","eventType":"MEMORY_UPDATE_SUCCESS","details":{"trigger":"periodic_6_messages","messageCount":12,"substantialCount":9,"summaryLength":1523,"topicShift":null}}
{"timestamp":"2025-06-26T02:35:26.832Z","userId":"6ac69871-d613-420b-9a25-7e5d175f92b3","email":"rdee199@gmail.com","eventType":"SUMMARIZE_START","details":{"messageCount":0,"sessionEnd":false,"trigger":"message_count"}}
{"timestamp":"2025-06-26T02:35:29.669Z","userId":"6ac69871-d613-420b-9a25-7e5d175f92b3","email":"rdee199@gmail.com","eventType":"MEMORY_UPDATE_SUCCESS","details":{"trigger":"periodic_6_messages","messageCount":12,"substantialCount":9,"summaryLength":1523,"topicShift":null}}
{"timestamp":"2025-06-26T02:36:25.809Z","userId":"6ac69871-d613-420b-9a25-7e5d175f92b3","email":"rdee199@gmail.com","eventType":"SUMMARIZE_START","details":{"messageCount":0,"sessionEnd":false,"trigger":"message_count"}}
{"timestamp":"2025-06-26T02:36:29.154Z","userId":"6ac69871-d613-420b-9a25-7e5d175f92b3","email":"rdee199@gmail.com","eventType":"MEMORY_UPDATE_SUCCESS","details":{"trigger":"periodic_6_messages","messageCount":12,"substantialCount":9,"summaryLength":1523,"topicShift":null}}
{"timestamp":"2025-06-26T02:36:47.708Z","userId":"6ac69871-d613-420b-9a25-7e5d175f92b3","email":"rdee199@gmail.com","eventType":"SUMMARIZE_START","details":{"messageCount":0,"sessionEnd":false,"trigger":"message_count"}}
{"timestamp":"2025-06-26T02:36:50.315Z","userId":"6ac69871-d613-420b-9a25-7e5d175f92b3","email":"rdee199@gmail.com","eventType":"MEMORY_UPDATE_SUCCESS","details":{"trigger":"periodic_6_messages","messageCount":12,"substantialCount":9,"summaryLength":1523,"topicShift":null}}
{"timestamp":"2025-06-26T02:37:16.848Z","userId":"6ac69871-d613-420b-9a25-7e5d175f92b3","email":"rdee199@gmail.com","eventType":"SUMMARIZE_START","details":{"messageCount":0,"sessionEnd":false,"trigger":"message_count"}}
{"timestamp":"2025-06-26T02:37:19.808Z","userId":"6ac69871-d613-420b-9a25-7e5d175f92b3","email":"rdee199@gmail.com","eventType":"MEMORY_UPDATE_SUCCESS","details":{"trigger":"periodic_6_messages","messageCount":12,"substantialCount":9,"summaryLength":1523,"topicShift":null}}
{"timestamp":"2025-06-26T03:19:13.240Z","userId":"6ac69871-d613-420b-9a25-7e5d175f92b3","email":"rdee199@gmail.com","eventType":"SUMMARIZE_START","details":{"messageCount":0,"sessionEnd":false,"trigger":"message_count"}}
{"timestamp":"2025-06-26T03:19:15.802Z","userId":"6ac69871-d613-420b-9a25-7e5d175f92b3","email":"rdee199@gmail.com","eventType":"MEMORY_UPDATE_SUCCESS","details":{"trigger":"periodic_6_messages","messageCount":12,"substantialCount":9,"summaryLength":1523,"topicShift":null}}
{"timestamp":"2025-06-26T03:19:28.767Z","userId":"6ac69871-d613-420b-9a25-7e5d175f92b3","email":"rdee199@gmail.com","eventType":"SUMMARIZE_START","details":{"messageCount":0,"sessionEnd":false,"trigger":"message_count"}}
{"timestamp":"2025-06-26T03:19:32.957Z","userId":"6ac69871-d613-420b-9a25-7e5d175f92b3","email":"rdee199@gmail.com","eventType":"MEMORY_UPDATE_SUCCESS","details":{"trigger":"periodic_6_messages","messageCount":12,"substantialCount":9,"summaryLength":1523,"topicShift":null}}
{"timestamp":"2025-06-26T03:19:42.639Z","userId":"6ac69871-d613-420b-9a25-7e5d175f92b3","email":"rdee199@gmail.com","eventType":"SUMMARIZE_START","details":{"messageCount":0,"sessionEnd":false,"trigger":"message_count"}}
{"timestamp":"2025-06-26T03:19:45.345Z","userId":"6ac69871-d613-420b-9a25-7e5d175f92b3","email":"rdee199@gmail.com","eventType":"MEMORY_UPDATE_SUCCESS","details":{"trigger":"periodic_6_messages","messageCount":12,"substantialCount":9,"summaryLength":1523,"topicShift":null}}
{"timestamp":"2025-06-26T03:21:24.087Z","userId":"6ac69871-d613-420b-9a25-7e5d175f92b3","email":"rdee199@gmail.com","eventType":"SUMMARIZE_START","details":{"messageCount":0,"sessionEnd":false,"trigger":"message_count"}}
{"timestamp":"2025-06-26T03:21:26.893Z","userId":"6ac69871-d613-420b-9a25-7e5d175f92b3","email":"rdee199@gmail.com","eventType":"MEMORY_UPDATE_SUCCESS","details":{"trigger":"periodic_6_messages","messageCount":12,"substantialCount":9,"summaryLength":1523,"topicShift":null}}
{"timestamp":"2025-06-26T03:24:47.685Z","userId":"6ac69871-d613-420b-9a25-7e5d175f92b3","email":"rdee199@gmail.com","eventType":"SUMMARIZE_START","details":{"messageCount":0,"sessionEnd":false,"trigger":"message_count"}}
{"timestamp":"2025-06-26T03:24:50.244Z","userId":"6ac69871-d613-420b-9a25-7e5d175f92b3","email":"rdee199@gmail.com","eventType":"MEMORY_UPDATE_SUCCESS","details":{"trigger":"periodic_6_messages","messageCount":12,"substantialCount":9,"summaryLength":1523,"topicShift":null}}
{"timestamp":"2025-06-26T03:28:35.282Z","userId":"6ac69871-d613-420b-9a25-7e5d175f92b3","email":"rdee199@gmail.com","eventType":"SUMMARIZE_START","details":{"messageCount":0,"sessionEnd":false,"trigger":"message_count"}}
{"timestamp":"2025-06-26T03:28:38.390Z","userId":"6ac69871-d613-420b-9a25-7e5d175f92b3","email":"rdee199@gmail.com","eventType":"MEMORY_UPDATE_SUCCESS","details":{"trigger":"periodic_6_messages","messageCount":12,"substantialCount":9,"summaryLength":1523,"topicShift":null}}
{"timestamp":"2025-06-26T03:30:22.419Z","userId":"6ac69871-d613-420b-9a25-7e5d175f92b3","email":"rdee199@gmail.com","eventType":"SUMMARIZE_START","details":{"messageCount":0,"sessionEnd":false,"trigger":"message_count"}}
{"timestamp":"2025-06-26T03:30:25.706Z","userId":"6ac69871-d613-420b-9a25-7e5d175f92b3","email":"rdee199@gmail.com","eventType":"MEMORY_UPDATE_SUCCESS","details":{"trigger":"periodic_6_messages","messageCount":12,"substantialCount":9,"summaryLength":1523,"topicShift":null}}
{"timestamp":"2025-06-26T13:09:35.999Z","userId":"6ac69871-d613-420b-9a25-7e5d175f92b3","email":"rdee199@gmail.com","eventType":"SUMMARIZE_START","details":{"messageCount":0,"sessionEnd":true,"trigger":"session_end"}}
{"timestamp":"2025-06-26T13:09:39.860Z","userId":"6ac69871-d613-420b-9a25-7e5d175f92b3","email":"rdee199@gmail.com","eventType":"MEMORY_UPDATE_SUCCESS","details":{"trigger":"periodic_6_messages","messageCount":12,"substantialCount":9,"summaryLength":1523,"topicShift":null}}
{"timestamp":"2025-06-26T13:35:10.243Z","userId":"6ac69871-d613-420b-9a25-7e5d175f92b3","email":"rdee199@gmail.com","eventType":"SUMMARIZE_START","details":{"messageCount":0,"sessionEnd":true,"trigger":"session_end"}}
{"timestamp":"2025-06-26T13:35:13.969Z","userId":"6ac69871-d613-420b-9a25-7e5d175f92b3","email":"rdee199@gmail.com","eventType":"MANUAL_REFRESH","details":{"success":true,"summaryLength":1523,"profileStatus":"Profile has memory_summary of length 1523 (updated: 2025-06-26T13:09:14.131209+00:00)"}}
{"timestamp":"2025-06-26T13:35:17.596Z","userId":"6ac69871-d613-420b-9a25-7e5d175f92b3","email":"rdee199@gmail.com","eventType":"SUMMARIZE_START","details":{"messageCount":0,"sessionEnd":false,"trigger":"message_count"}}
{"timestamp":"2025-06-26T13:35:20.961Z","userId":"6ac69871-d613-420b-9a25-7e5d175f92b3","email":"rdee199@gmail.com","eventType":"MEMORY_UPDATE_SUCCESS","details":{"trigger":"periodic_6_messages","messageCount":12,"substantialCount":8,"summaryLength":1523,"topicShift":null}}
{"timestamp":"2025-06-26T14:11:46.166Z","userId":"6ac69871-d613-420b-9a25-7e5d175f92b3","email":"rdee199@gmail.com","eventType":"SUMMARIZE_START","details":{"messageCount":0,"sessionEnd":false,"trigger":"message_count"}}
{"timestamp":"2025-06-26T14:11:49.146Z","userId":"6ac69871-d613-420b-9a25-7e5d175f92b3","email":"rdee199@gmail.com","eventType":"MEMORY_UPDATE_SUCCESS","details":{"trigger":"periodic_6_messages","messageCount":12,"substantialCount":9,"summaryLength":1523,"topicShift":null}}
{"timestamp":"2025-06-26T14:16:55.232Z","userId":"6ac69871-d613-420b-9a25-7e5d175f92b3","email":"rdee199@gmail.com","eventType":"SUMMARIZE_START","details":{"messageCount":0,"sessionEnd":false,"trigger":"message_count"}}
{"timestamp":"2025-06-26T14:16:58.527Z","userId":"6ac69871-d613-420b-9a25-7e5d175f92b3","email":"rdee199@gmail.com","eventType":"MEMORY_UPDATE_SUCCESS","details":{"trigger":"periodic_6_messages","messageCount":12,"substantialCount":9,"summaryLength":1523,"topicShift":null}}
{"timestamp":"2025-06-27T01:37:19.727Z","userId":"6ac69871-d613-420b-9a25-7e5d175f92b3","email":"rdee199@gmail.com","eventType":"SUMMARIZE_START","details":{"messageCount":0,"sessionEnd":false,"trigger":"message_count"}}
{"timestamp":"2025-06-27T01:37:23.576Z","userId":"6ac69871-d613-420b-9a25-7e5d175f92b3","email":"rdee199@gmail.com","eventType":"MEMORY_UPDATE_SUCCESS","details":{"trigger":"periodic_6_messages","messageCount":12,"substantialCount":9,"summaryLength":1523,"topicShift":null}}
{"timestamp":"2025-06-27T01:38:07.987Z","userId":"6ac69871-d613-420b-9a25-7e5d175f92b3","email":"rdee199@gmail.com","eventType":"SUMMARIZE_START","details":{"messageCount":0,"sessionEnd":false,"trigger":"message_count"}}
{"timestamp":"2025-06-27T01:38:11.065Z","userId":"6ac69871-d613-420b-9a25-7e5d175f92b3","email":"rdee199@gmail.com","eventType":"MEMORY_UPDATE_SUCCESS","details":{"trigger":"periodic_6_messages","messageCount":12,"substantialCount":8,"summaryLength":1523,"topicShift":null}}
{"timestamp":"2025-06-28T17:06:15.089Z","userId":"6ac69871-d613-420b-9a25-7e5d175f92b3","email":"rdee199@gmail.com","eventType":"SUMMARIZE_START","details":{"messageCount":0,"sessionEnd":false,"trigger":"message_count"}}
{"timestamp":"2025-06-28T17:06:20.240Z","userId":"6ac69871-d613-420b-9a25-7e5d175f92b3","email":"rdee199@gmail.com","eventType":"MEMORY_UPDATE_SUCCESS","details":{"trigger":"periodic_6_messages","messageCount":12,"substantialCount":9,"summaryLength":1523,"topicShift":null}}
{"timestamp":"2025-06-28T17:06:29.945Z","userId":"6ac69871-d613-420b-9a25-7e5d175f92b3","email":"rdee199@gmail.com","eventType":"SUMMARIZE_START","details":{"messageCount":0,"sessionEnd":false,"trigger":"message_count"}}
{"timestamp":"2025-06-28T17:06:33.010Z","userId":"6ac69871-d613-420b-9a25-7e5d175f92b3","email":"rdee199@gmail.com","eventType":"MEMORY_UPDATE_SUCCESS","details":{"trigger":"periodic_6_messages","messageCount":12,"substantialCount":9,"summaryLength":1523,"topicShift":null}}
{"timestamp":"2025-06-28T17:06:37.136Z","userId":"6ac69871-d613-420b-9a25-7e5d175f92b3","email":"rdee199@gmail.com","eventType":"SUMMARIZE_START","details":{"messageCount":0,"sessionEnd":true,"trigger":"session_end"}}
{"timestamp":"2025-06-28T17:06:41.493Z","userId":"6ac69871-d613-420b-9a25-7e5d175f92b3","email":"rdee199@gmail.com","eventType":"MANUAL_REFRESH","details":{"success":true,"summaryLength":1523,"profileStatus":"Profile has memory_summary of length 1523 (updated: 2025-06-28T17:06:26.613075+00:00)"}}
{"timestamp":"2025-06-28T17:06:44.084Z","userId":"6ac69871-d613-420b-9a25-7e5d175f92b3","email":"rdee199@gmail.com","eventType":"SUMMARIZE_START","details":{"messageCount":0,"sessionEnd":false,"trigger":"message_count"}}
{"timestamp":"2025-06-28T17:06:47.567Z","userId":"6ac69871-d613-420b-9a25-7e5d175f92b3","email":"rdee199@gmail.com","eventType":"MEMORY_UPDATE_SUCCESS","details":{"trigger":"periodic_6_messages","messageCount":12,"substantialCount":8,"summaryLength":1523,"topicShift":null}}
{"timestamp":"2025-06-28T17:09:06.479Z","userId":"6ac69871-d613-420b-9a25-7e5d175f92b3","email":"rdee199@gmail.com","eventType":"SUMMARIZE_START","details":{"messageCount":0,"sessionEnd":false,"trigger":"message_count"}}
{"timestamp":"2025-06-28T17:09:09.387Z","userId":"6ac69871-d613-420b-9a25-7e5d175f92b3","email":"rdee199@gmail.com","eventType":"MEMORY_UPDATE_SUCCESS","details":{"trigger":"periodic_6_messages","messageCount":12,"substantialCount":9,"summaryLength":1523,"topicShift":null}}
{"timestamp":"2025-06-28T17:24:53.007Z","userId":"6ac69871-d613-420b-9a25-7e5d175f92b3","email":"rdee199@gmail.com","eventType":"SUMMARIZE_START","details":{"messageCount":0,"sessionEnd":false,"trigger":"message_count"}}
{"timestamp":"2025-06-28T17:24:55.980Z","userId":"6ac69871-d613-420b-9a25-7e5d175f92b3","email":"rdee199@gmail.com","eventType":"MEMORY_UPDATE_SUCCESS","details":{"trigger":"periodic_6_messages","messageCount":12,"substantialCount":9,"summaryLength":1523,"topicShift":null}}
{"timestamp":"2025-06-28T18:01:51.208Z","userId":"6ac69871-d613-420b-9a25-7e5d175f92b3","email":"rdee199@gmail.com","eventType":"SUMMARIZE_START","details":{"messageCount":0,"sessionEnd":false,"trigger":"message_count"}}
{"timestamp":"2025-06-28T18:01:55.197Z","userId":"6ac69871-d613-420b-9a25-7e5d175f92b3","email":"rdee199@gmail.com","eventType":"MEMORY_UPDATE_SUCCESS","details":{"trigger":"periodic_6_messages","messageCount":12,"substantialCount":9,"summaryLength":1523,"topicShift":null}}
{"timestamp":"2025-06-28T18:08:24.932Z","userId":"6ac69871-d613-420b-9a25-7e5d175f92b3","email":"rdee199@gmail.com","eventType":"SUMMARIZE_START","details":{"messageCount":0,"sessionEnd":false,"trigger":"message_count"}}
{"timestamp":"2025-06-28T18:08:29.745Z","userId":"6ac69871-d613-420b-9a25-7e5d175f92b3","email":"rdee199@gmail.com","eventType":"MEMORY_UPDATE_SUCCESS","details":{"trigger":"periodic_6_messages","messageCount":12,"substantialCount":9,"summaryLength":1523,"topicShift":null}}
{"timestamp":"2025-06-28T18:23:29.157Z","userId":"6ac69871-d613-420b-9a25-7e5d175f92b3","email":"rdee199@gmail.com","eventType":"SUMMARIZE_START","details":{"messageCount":0,"sessionEnd":false,"trigger":"message_count"}}
{"timestamp":"2025-06-28T18:23:31.397Z","userId":"6ac69871-d613-420b-9a25-7e5d175f92b3","email":"rdee199@gmail.com","eventType":"MEMORY_UPDATE_SUCCESS","details":{"trigger":"periodic_6_messages","messageCount":12,"substantialCount":9,"summaryLength":1523,"topicShift":null}}
{"timestamp":"2025-06-28T18:26:30.438Z","userId":"6ac69871-d613-420b-9a25-7e5d175f92b3","email":"rdee199@gmail.com","eventType":"SUMMARIZE_START","details":{"messageCount":0,"sessionEnd":false,"trigger":"message_count"}}
{"timestamp":"2025-06-28T18:26:32.625Z","userId":"6ac69871-d613-420b-9a25-7e5d175f92b3","email":"rdee199@gmail.com","eventType":"MEMORY_UPDATE_SUCCESS","details":{"trigger":"periodic_6_messages","messageCount":12,"substantialCount":9,"summaryLength":1523,"topicShift":null}}
{"timestamp":"2025-06-28T18:36:44.245Z","userId":"6ac69871-d613-420b-9a25-7e5d175f92b3","email":"rdee199@gmail.com","eventType":"SUMMARIZE_START","details":{"messageCount":0,"sessionEnd":false,"trigger":"message_count"}}
{"timestamp":"2025-06-28T18:36:46.726Z","userId":"6ac69871-d613-420b-9a25-7e5d175f92b3","email":"rdee199@gmail.com","eventType":"MEMORY_UPDATE_SUCCESS","details":{"trigger":"periodic_6_messages","messageCount":12,"substantialCount":9,"summaryLength":1523,"topicShift":null}}
{"timestamp":"2025-06-28T18:51:11.163Z","userId":"6ac69871-d613-420b-9a25-7e5d175f92b3","email":"rdee199@gmail.com","eventType":"SUMMARIZE_START","details":{"messageCount":0,"sessionEnd":false,"trigger":"message_count"}}
{"timestamp":"2025-06-28T18:51:13.965Z","userId":"6ac69871-d613-420b-9a25-7e5d175f92b3","email":"rdee199@gmail.com","eventType":"MEMORY_UPDATE_SUCCESS","details":{"trigger":"periodic_6_messages","messageCount":12,"substantialCount":9,"summaryLength":1523,"topicShift":null}}
{"timestamp":"2025-06-28T18:52:46.039Z","userId":"6ac69871-d613-420b-9a25-7e5d175f92b3","email":"rdee199@gmail.com","eventType":"SUMMARIZE_START","details":{"messageCount":0,"sessionEnd":false,"trigger":"message_count"}}
{"timestamp":"2025-06-28T18:54:51.731Z","userId":"6ac69871-d613-420b-9a25-7e5d175f92b3","email":"rdee199@gmail.com","eventType":"SUMMARIZE_START","details":{"messageCount":0,"sessionEnd":false,"trigger":"message_count"}}
{"timestamp":"2025-06-28T18:54:55.902Z","userId":"6ac69871-d613-420b-9a25-7e5d175f92b3","email":"rdee199@gmail.com","eventType":"MEMORY_UPDATE_SUCCESS","details":{"trigger":"periodic_6_messages","messageCount":12,"substantialCount":9,"summaryLength":1523,"topicShift":null}}
{"timestamp":"2025-06-28T18:54:57.576Z","userId":"6ac69871-d613-420b-9a25-7e5d175f92b3","email":"rdee199@gmail.com","eventType":"SUMMARIZE_START","details":{"messageCount":0,"sessionEnd":true,"trigger":"session_end"}}
{"timestamp":"2025-06-28T18:55:00.026Z","userId":"6ac69871-d613-420b-9a25-7e5d175f92b3","email":"rdee199@gmail.com","eventType":"MANUAL_REFRESH","details":{"success":true,"summaryLength":1523,"profileStatus":"Profile has memory_summary of length 1523 (updated: 2025-06-28T18:54:39.410058+00:00)"}}
{"timestamp":"2025-06-28T18:57:55.160Z","userId":"6ac69871-d613-420b-9a25-7e5d175f92b3","email":"rdee199@gmail.com","eventType":"MEMORY_UPDATE_SUCCESS","details":{"trigger":"periodic_6_messages","messageCount":12,"substantialCount":9,"summaryLength":1523,"topicShift":null}}
{"timestamp":"2025-06-28T19:01:11.444Z","userId":"6ac69871-d613-420b-9a25-7e5d175f92b3","email":"rdee199@gmail.com","eventType":"SUMMARIZE_START","details":{"messageCount":0,"sessionEnd":false,"trigger":"message_count"}}
{"timestamp":"2025-06-28T19:01:14.539Z","userId":"6ac69871-d613-420b-9a25-7e5d175f92b3","email":"rdee199@gmail.com","eventType":"MEMORY_UPDATE_SUCCESS","details":{"trigger":"periodic_6_messages","messageCount":12,"substantialCount":9,"summaryLength":1523,"topicShift":null}}
{"timestamp":"2025-06-28T19:01:41.458Z","userId":"6ac69871-d613-420b-9a25-7e5d175f92b3","email":"rdee199@gmail.com","eventType":"SUMMARIZE_START","details":{"messageCount":0,"sessionEnd":false,"trigger":"message_count"}}
{"timestamp":"2025-06-28T19:01:44.341Z","userId":"6ac69871-d613-420b-9a25-7e5d175f92b3","email":"rdee199@gmail.com","eventType":"MEMORY_UPDATE_SUCCESS","details":{"trigger":"periodic_6_messages","messageCount":12,"substantialCount":9,"summaryLength":1523,"topicShift":null}}
{"timestamp":"2025-06-28T19:10:23.905Z","userId":"6ac69871-d613-420b-9a25-7e5d175f92b3","email":"rdee199@gmail.com","eventType":"SUMMARIZE_START","details":{"messageCount":0,"sessionEnd":false,"trigger":"message_count"}}
{"timestamp":"2025-06-28T19:10:26.572Z","userId":"6ac69871-d613-420b-9a25-7e5d175f92b3","email":"rdee199@gmail.com","eventType":"MEMORY_UPDATE_SUCCESS","details":{"trigger":"periodic_6_messages","messageCount":12,"substantialCount":9,"summaryLength":1523,"topicShift":null}}
{"timestamp":"2025-06-28T19:10:27.935Z","userId":"6ac69871-d613-420b-9a25-7e5d175f92b3","email":"rdee199@gmail.com","eventType":"SUMMARIZE_START","details":{"messageCount":0,"sessionEnd":true,"trigger":"session_end"}}
{"timestamp":"2025-06-28T19:10:32.683Z","userId":"6ac69871-d613-420b-9a25-7e5d175f92b3","email":"rdee199@gmail.com","eventType":"MANUAL_REFRESH","details":{"success":true,"summaryLength":1523,"profileStatus":"Profile has memory_summary of length 1523 (updated: 2025-06-28T19:10:04.226659+00:00)"}}
{"timestamp":"2025-06-28T19:11:15.179Z","userId":"6ac69871-d613-420b-9a25-7e5d175f92b3","email":"rdee199@gmail.com","eventType":"SUMMARIZE_START","details":{"messageCount":0,"sessionEnd":false,"trigger":"message_count"}}
{"timestamp":"2025-06-28T19:11:18.077Z","userId":"6ac69871-d613-420b-9a25-7e5d175f92b3","email":"rdee199@gmail.com","eventType":"MEMORY_UPDATE_SUCCESS","details":{"trigger":"periodic_6_messages","messageCount":12,"substantialCount":9,"summaryLength":1523,"topicShift":null}}
{"timestamp":"2025-06-28T19:12:30.660Z","userId":"6ac69871-d613-420b-9a25-7e5d175f92b3","email":"rdee199@gmail.com","eventType":"SUMMARIZE_START","details":{"messageCount":0,"sessionEnd":false,"trigger":"message_count"}}
{"timestamp":"2025-06-28T19:12:34.718Z","userId":"6ac69871-d613-420b-9a25-7e5d175f92b3","email":"rdee199@gmail.com","eventType":"MEMORY_UPDATE_SUCCESS","details":{"trigger":"periodic_6_messages","messageCount":12,"substantialCount":9,"summaryLength":1523,"topicShift":null}}
{"timestamp":"2025-06-28T19:13:12.121Z","userId":"6ac69871-d613-420b-9a25-7e5d175f92b3","email":"rdee199@gmail.com","eventType":"SUMMARIZE_START","details":{"messageCount":0,"sessionEnd":false,"trigger":"message_count"}}
{"timestamp":"2025-06-28T19:13:15.223Z","userId":"6ac69871-d613-420b-9a25-7e5d175f92b3","email":"rdee199@gmail.com","eventType":"MEMORY_UPDATE_SUCCESS","details":{"trigger":"periodic_6_messages","messageCount":12,"substantialCount":8,"summaryLength":1523,"topicShift":null}}
{"timestamp":"2025-06-28T19:13:16.605Z","userId":"6ac69871-d613-420b-9a25-7e5d175f92b3","email":"rdee199@gmail.com","eventType":"SUMMARIZE_START","details":{"messageCount":0,"sessionEnd":true,"trigger":"session_end"}}
{"timestamp":"2025-06-28T19:13:18.884Z","userId":"6ac69871-d613-420b-9a25-7e5d175f92b3","email":"rdee199@gmail.com","eventType":"MANUAL_REFRESH","details":{"success":true,"summaryLength":1523,"profileStatus":"Profile has memory_summary of length 1523 (updated: 2025-06-28T19:13:08.682569+00:00)"}}
{"timestamp":"2025-06-28T19:13:40.593Z","userId":"6ac69871-d613-420b-9a25-7e5d175f92b3","email":"rdee199@gmail.com","eventType":"SUMMARIZE_START","details":{"messageCount":0,"sessionEnd":false,"trigger":"message_count"}}
{"timestamp":"2025-06-28T19:13:42.870Z","userId":"6ac69871-d613-420b-9a25-7e5d175f92b3","email":"rdee199@gmail.com","eventType":"MEMORY_UPDATE_SUCCESS","details":{"trigger":"periodic_6_messages","messageCount":12,"substantialCount":9,"summaryLength":1523,"topicShift":null}}
{"timestamp":"2025-06-28T19:13:56.748Z","userId":"6ac69871-d613-420b-9a25-7e5d175f92b3","email":"rdee199@gmail.com","eventType":"SUMMARIZE_START","details":{"messageCount":0,"sessionEnd":false,"trigger":"message_count"}}
{"timestamp":"2025-06-28T19:13:59.665Z","userId":"6ac69871-d613-420b-9a25-7e5d175f92b3","email":"rdee199@gmail.com","eventType":"MEMORY_UPDATE_SUCCESS","details":{"trigger":"periodic_6_messages","messageCount":12,"substantialCount":8,"summaryLength":1523,"topicShift":null}}
{"timestamp":"2025-06-28T19:14:28.766Z","userId":"6ac69871-d613-420b-9a25-7e5d175f92b3","email":"rdee199@gmail.com","eventType":"SUMMARIZE_START","details":{"messageCount":0,"sessionEnd":false,"trigger":"message_count"}}
{"timestamp":"2025-06-28T19:14:31.819Z","userId":"6ac69871-d613-420b-9a25-7e5d175f92b3","email":"rdee199@gmail.com","eventType":"MEMORY_UPDATE_SUCCESS","details":{"trigger":"periodic_6_messages","messageCount":12,"substantialCount":8,"summaryLength":1523,"topicShift":null}}
{"timestamp":"2025-06-28T19:14:33.183Z","userId":"6ac69871-d613-420b-9a25-7e5d175f92b3","email":"rdee199@gmail.com","eventType":"SUMMARIZE_START","details":{"messageCount":0,"sessionEnd":true,"trigger":"session_end"}}
{"timestamp":"2025-06-28T19:14:36.008Z","userId":"6ac69871-d613-420b-9a25-7e5d175f92b3","email":"rdee199@gmail.com","eventType":"MANUAL_REFRESH","details":{"success":true,"summaryLength":1523,"profileStatus":"Profile has memory_summary of length 1523 (updated: 2025-06-28T19:14:14.932969+00:00)"}}
{"timestamp":"2025-06-29T16:45:28.722Z","userId":"6ac69871-d613-420b-9a25-7e5d175f92b3","email":"rdee199@gmail.com","eventType":"SUMMARIZE_START","details":{"messageCount":0,"sessionEnd":false,"trigger":"message_count"}}
{"timestamp":"2025-06-29T16:45:33.303Z","userId":"6ac69871-d613-420b-9a25-7e5d175f92b3","email":"rdee199@gmail.com","eventType":"MEMORY_UPDATE_SUCCESS","details":{"trigger":"periodic_6_messages","messageCount":12,"substantialCount":9,"summaryLength":1523,"topicShift":null}}
{"timestamp":"2025-06-29T18:59:06.417Z","userId":"e4a5a8be-48d5-477d-a3ae-bbd2ef770f3a","email":"deeshop9821@gmail.com","eventType":"SUMMARIZE_START","details":{"messageCount":0,"sessionEnd":true,"trigger":"session_end"}}
{"timestamp":"2025-06-29T18:59:06.607Z","userId":"e4a5a8be-48d5-477d-a3ae-bbd2ef770f3a","email":"deeshop9821@gmail.com","eventType":"INSUFFICIENT_NEW_MESSAGES","details":{"messageCount":0,"minimumRequired":2}}
{"timestamp":"2025-06-29T18:59:06.782Z","userId":"e4a5a8be-48d5-477d-a3ae-bbd2ef770f3a","email":"deeshop9821@gmail.com","eventType":"MANUAL_REFRESH","details":{"success":false,"summaryLength":0,"profileStatus":"Profile exists but memory_summary is empty"}}
{"timestamp":"2025-06-29T19:01:09.338Z","userId":"e4a5a8be-48d5-477d-a3ae-bbd2ef770f3a","email":"deeshop9821@gmail.com","eventType":"SUMMARIZE_START","details":{"messageCount":0,"sessionEnd":false,"trigger":"message_count"}}
{"timestamp":"2025-06-29T19:01:12.322Z","userId":"e4a5a8be-48d5-477d-a3ae-bbd2ef770f3a","email":"deeshop9821@gmail.com","eventType":"SUMMARIZE_SUCCESS","details":{"summaryLength":1309,"previewText":"✅ Summary generated successfully"}}
{"timestamp":"2025-06-29T19:01:12.325Z","userId":"e4a5a8be-48d5-477d-a3ae-bbd2ef770f3a","email":"deeshop9821@gmail.com","eventType":"MEMORY_UPDATE_SUCCESS","details":{"trigger":"no_existing_memory","messageCount":2,"substantialCount":0,"summaryLength":1309,"topicShift":null}}
{"timestamp":"2025-06-29T19:02:01.712Z","userId":"e4a5a8be-48d5-477d-a3ae-bbd2ef770f3a","email":"deeshop9821@gmail.com","eventType":"SUMMARIZE_START","details":{"messageCount":0,"sessionEnd":false,"trigger":"message_count"}}
{"timestamp":"2025-06-29T19:02:05.652Z","userId":"e4a5a8be-48d5-477d-a3ae-bbd2ef770f3a","email":"deeshop9821@gmail.com","eventType":"SUMMARIZE_SUCCESS","details":{"summaryLength":1375,"previewText":"✅ Summary generated successfully"}}
{"timestamp":"2025-06-29T19:02:05.655Z","userId":"e4a5a8be-48d5-477d-a3ae-bbd2ef770f3a","email":"deeshop9821@gmail.com","eventType":"MEMORY_UPDATE_SUCCESS","details":{"trigger":"periodic_6_messages","messageCount":6,"substantialCount":4,"summaryLength":1375,"topicShift":null}}
{"timestamp":"2025-06-29T19:02:51.023Z","userId":"e4a5a8be-48d5-477d-a3ae-bbd2ef770f3a","email":"deeshop9821@gmail.com","eventType":"SUMMARIZE_START","details":{"messageCount":0,"sessionEnd":false,"trigger":"message_count"}}
{"timestamp":"2025-06-29T19:02:54.192Z","userId":"e4a5a8be-48d5-477d-a3ae-bbd2ef770f3a","email":"deeshop9821@gmail.com","eventType":"SUMMARIZE_SUCCESS","details":{"summaryLength":1482,"previewText":"✅ Summary generated successfully"}}
{"timestamp":"2025-06-29T19:02:54.194Z","userId":"e4a5a8be-48d5-477d-a3ae-bbd2ef770f3a","email":"deeshop9821@gmail.com","eventType":"MEMORY_UPDATE_SUCCESS","details":{"trigger":"quality_4_substantial","messageCount":10,"substantialCount":8,"summaryLength":1482,"topicShift":null}}
{"timestamp":"2025-06-29T19:02:58.757Z","userId":"e4a5a8be-48d5-477d-a3ae-bbd2ef770f3a","email":"deeshop9821@gmail.com","eventType":"SUMMARIZE_START","details":{"messageCount":0,"sessionEnd":false,"trigger":"message_count"}}
{"timestamp":"2025-06-29T19:03:03.906Z","userId":"e4a5a8be-48d5-477d-a3ae-bbd2ef770f3a","email":"deeshop9821@gmail.com","eventType":"SUMMARIZE_SUCCESS","details":{"summaryLength":1625,"previewText":"✅ Summary generated successfully"}}
{"timestamp":"2025-06-29T19:03:03.913Z","userId":"e4a5a8be-48d5-477d-a3ae-bbd2ef770f3a","email":"deeshop9821@gmail.com","eventType":"MEMORY_UPDATE_SUCCESS","details":{"trigger":"periodic_6_messages","messageCount":12,"substantialCount":10,"summaryLength":1625,"topicShift":null}}
{"timestamp":"2025-06-29T19:25:30.528Z","userId":"e4a5a8be-48d5-477d-a3ae-bbd2ef770f3a","email":"deeshop9821@gmail.com","eventType":"SUMMARIZE_START","details":{"messageCount":0,"sessionEnd":false,"trigger":"message_count"}}
{"timestamp":"2025-06-29T19:25:34.512Z","userId":"e4a5a8be-48d5-477d-a3ae-bbd2ef770f3a","email":"deeshop9821@gmail.com","eventType":"SUMMARIZE_SUCCESS","details":{"summaryLength":1695,"previewText":"✅ Summary generated successfully"}}
{"timestamp":"2025-06-29T19:25:34.513Z","userId":"e4a5a8be-48d5-477d-a3ae-bbd2ef770f3a","email":"deeshop9821@gmail.com","eventType":"MEMORY_UPDATE_SUCCESS","details":{"trigger":"quality_3_substantial","messageCount":14,"substantialCount":12,"summaryLength":1695,"topicShift":null}}
{"timestamp":"2025-06-29T19:27:26.324Z","userId":"e4a5a8be-48d5-477d-a3ae-bbd2ef770f3a","email":"deeshop9821@gmail.com","eventType":"SUMMARIZE_START","details":{"messageCount":0,"sessionEnd":true,"trigger":"session_end"}}
{"timestamp":"2025-06-29T19:27:29.540Z","userId":"e4a5a8be-48d5-477d-a3ae-bbd2ef770f3a","email":"deeshop9821@gmail.com","eventType":"MEMORY_UPDATE_SUCCESS","details":{"trigger":"quality_3_substantial","messageCount":14,"substantialCount":12,"summaryLength":1695,"topicShift":{"hasShift":true,"similarity":0.2,"recentTopics":["health","work","relationships"],"memoryTopics":["personal_growth","emotions","health"],"reason":"significant_topic_change"}}}
{"timestamp":"2025-06-29T19:27:48.534Z","userId":"e4a5a8be-48d5-477d-a3ae-bbd2ef770f3a","email":"deeshop9821@gmail.com","eventType":"SUMMARIZE_START","details":{"messageCount":0,"sessionEnd":true,"trigger":"session_end"}}
{"timestamp":"2025-06-29T19:27:52.344Z","userId":"e4a5a8be-48d5-477d-a3ae-bbd2ef770f3a","email":"deeshop9821@gmail.com","eventType":"MEMORY_UPDATE_SUCCESS","details":{"trigger":"quality_3_substantial","messageCount":14,"substantialCount":12,"summaryLength":1695,"topicShift":{"hasShift":true,"similarity":0.2,"recentTopics":["health","work","relationships"],"memoryTopics":["personal_growth","emotions","health"],"reason":"significant_topic_change"}}}
{"timestamp":"2025-06-29T19:42:14.398Z","userId":"e4a5a8be-48d5-477d-a3ae-bbd2ef770f3a","email":"deeshop9821@gmail.com","eventType":"SUMMARIZE_START","details":{"messageCount":0,"sessionEnd":true,"trigger":"session_end"}}
{"timestamp":"2025-06-29T19:42:16.416Z","userId":"e4a5a8be-48d5-477d-a3ae-bbd2ef770f3a","email":"deeshop9821@gmail.com","eventType":"MEMORY_UPDATE_SUCCESS","details":{"trigger":"quality_3_substantial","messageCount":14,"substantialCount":12,"summaryLength":1695,"topicShift":{"hasShift":true,"similarity":0.2,"recentTopics":["health","work","relationships"],"memoryTopics":["personal_growth","emotions","health"],"reason":"significant_topic_change"}}}
{"timestamp":"2025-06-29T19:42:32.975Z","userId":"e4a5a8be-48d5-477d-a3ae-bbd2ef770f3a","email":"deeshop9821@gmail.com","eventType":"SUMMARIZE_START","details":{"messageCount":0,"sessionEnd":true,"trigger":"session_end"}}
{"timestamp":"2025-06-29T19:42:36.048Z","userId":"e4a5a8be-48d5-477d-a3ae-bbd2ef770f3a","email":"deeshop9821@gmail.com","eventType":"MEMORY_UPDATE_SUCCESS","details":{"trigger":"quality_3_substantial","messageCount":14,"substantialCount":12,"summaryLength":1695,"topicShift":{"hasShift":true,"similarity":0.2,"recentTopics":["health","work","relationships"],"memoryTopics":["personal_growth","emotions","health"],"reason":"significant_topic_change"}}}
{"timestamp":"2025-06-29T19:42:59.740Z","userId":"e4a5a8be-48d5-477d-a3ae-bbd2ef770f3a","email":"deeshop9821@gmail.com","eventType":"SUMMARIZE_START","details":{"messageCount":0,"sessionEnd":true,"trigger":"session_end"}}
{"timestamp":"2025-06-29T19:43:02.781Z","userId":"e4a5a8be-48d5-477d-a3ae-bbd2ef770f3a","email":"deeshop9821@gmail.com","eventType":"MEMORY_UPDATE_SUCCESS","details":{"trigger":"quality_3_substantial","messageCount":14,"substantialCount":12,"summaryLength":1695,"topicShift":{"hasShift":true,"similarity":0.2,"recentTopics":["health","work","relationships"],"memoryTopics":["personal_growth","emotions","health"],"reason":"significant_topic_change"}}}
{"timestamp":"2025-06-29T19:51:33.529Z","userId":"e4a5a8be-48d5-477d-a3ae-bbd2ef770f3a","email":"deeshop9821@gmail.com","eventType":"SUMMARIZE_START","details":{"messageCount":0,"sessionEnd":true,"trigger":"session_end"}}
{"timestamp":"2025-06-29T19:51:37.066Z","userId":"e4a5a8be-48d5-477d-a3ae-bbd2ef770f3a","email":"deeshop9821@gmail.com","eventType":"MEMORY_UPDATE_SUCCESS","details":{"trigger":"quality_3_substantial","messageCount":14,"substantialCount":12,"summaryLength":1695,"topicShift":{"hasShift":true,"similarity":0.2,"recentTopics":["health","work","relationships"],"memoryTopics":["personal_growth","emotions","health"],"reason":"significant_topic_change"}}}
{"timestamp":"2025-06-29T19:51:58.826Z","userId":"e4a5a8be-48d5-477d-a3ae-bbd2ef770f3a","email":"deeshop9821@gmail.com","eventType":"SUMMARIZE_START","details":{"messageCount":0,"sessionEnd":true,"trigger":"session_end"}}
{"timestamp":"2025-06-29T19:52:03.902Z","userId":"e4a5a8be-48d5-477d-a3ae-bbd2ef770f3a","email":"deeshop9821@gmail.com","eventType":"MEMORY_UPDATE_SUCCESS","details":{"trigger":"quality_3_substantial","messageCount":14,"substantialCount":12,"summaryLength":1695,"topicShift":{"hasShift":true,"similarity":0.2,"recentTopics":["health","work","relationships"],"memoryTopics":["personal_growth","emotions","health"],"reason":"significant_topic_change"}}}
{"timestamp":"2025-06-29T19:52:26.524Z","userId":"e4a5a8be-48d5-477d-a3ae-bbd2ef770f3a","email":"deeshop9821@gmail.com","eventType":"SUMMARIZE_START","details":{"messageCount":0,"sessionEnd":true,"trigger":"session_end"}}
{"timestamp":"2025-06-29T19:52:29.695Z","userId":"e4a5a8be-48d5-477d-a3ae-bbd2ef770f3a","email":"deeshop9821@gmail.com","eventType":"MEMORY_UPDATE_SUCCESS","details":{"trigger":"quality_3_substantial","messageCount":14,"substantialCount":12,"summaryLength":1695,"topicShift":{"hasShift":true,"similarity":0.2,"recentTopics":["health","work","relationships"],"memoryTopics":["personal_growth","emotions","health"],"reason":"significant_topic_change"}}}
{"timestamp":"2025-06-29T19:56:45.723Z","userId":"e4a5a8be-48d5-477d-a3ae-bbd2ef770f3a","email":"deeshop9821@gmail.com","eventType":"SUMMARIZE_START","details":{"messageCount":0,"sessionEnd":true,"trigger":"session_end"}}
{"timestamp":"2025-06-29T19:56:49.096Z","userId":"e4a5a8be-48d5-477d-a3ae-bbd2ef770f3a","email":"deeshop9821@gmail.com","eventType":"MEMORY_UPDATE_SUCCESS","details":{"trigger":"quality_3_substantial","messageCount":14,"substantialCount":12,"summaryLength":1695,"topicShift":{"hasShift":true,"similarity":0.2,"recentTopics":["health","work","relationships"],"memoryTopics":["personal_growth","emotions","health"],"reason":"significant_topic_change"}}}
{"timestamp":"2025-06-29T19:57:07.833Z","userId":"e4a5a8be-48d5-477d-a3ae-bbd2ef770f3a","email":"deeshop9821@gmail.com","eventType":"SUMMARIZE_START","details":{"messageCount":0,"sessionEnd":true,"trigger":"session_end"}}
{"timestamp":"2025-06-29T19:57:10.039Z","userId":"e4a5a8be-48d5-477d-a3ae-bbd2ef770f3a","email":"deeshop9821@gmail.com","eventType":"MEMORY_UPDATE_SUCCESS","details":{"trigger":"quality_3_substantial","messageCount":14,"substantialCount":12,"summaryLength":1695,"topicShift":{"hasShift":true,"similarity":0.2,"recentTopics":["health","work","relationships"],"memoryTopics":["personal_growth","emotions","health"],"reason":"significant_topic_change"}}}
{"timestamp":"2025-06-29T19:57:37.512Z","userId":"e4a5a8be-48d5-477d-a3ae-bbd2ef770f3a","email":"deeshop9821@gmail.com","eventType":"SUMMARIZE_START","details":{"messageCount":0,"sessionEnd":true,"trigger":"session_end"}}
{"timestamp":"2025-06-29T19:57:39.639Z","userId":"e4a5a8be-48d5-477d-a3ae-bbd2ef770f3a","email":"deeshop9821@gmail.com","eventType":"MEMORY_UPDATE_SUCCESS","details":{"trigger":"quality_3_substantial","messageCount":14,"substantialCount":12,"summaryLength":1695,"topicShift":{"hasShift":true,"similarity":0.2,"recentTopics":["health","work","relationships"],"memoryTopics":["personal_growth","emotions","health"],"reason":"significant_topic_change"}}}
{"timestamp":"2025-06-29T20:24:17.771Z","userId":"e4a5a8be-48d5-477d-a3ae-bbd2ef770f3a","email":"deeshop9821@gmail.com","eventType":"SUMMARIZE_START","details":{"messageCount":0,"sessionEnd":true,"trigger":"session_end"}}
{"timestamp":"2025-06-29T20:24:21.561Z","userId":"e4a5a8be-48d5-477d-a3ae-bbd2ef770f3a","email":"deeshop9821@gmail.com","eventType":"MEMORY_UPDATE_SUCCESS","details":{"trigger":"topic_shift_detected","messageCount":14,"substantialCount":11,"summaryLength":1695,"topicShift":{"hasShift":true,"similarity":0.2,"recentTopics":["health","work","relationships"],"memoryTopics":["personal_growth","emotions","health"],"reason":"significant_topic_change"}}}
{"timestamp":"2025-06-29T20:24:59.382Z","userId":"e4a5a8be-48d5-477d-a3ae-bbd2ef770f3a","email":"deeshop9821@gmail.com","eventType":"SUMMARIZE_START","details":{"messageCount":0,"sessionEnd":true,"trigger":"session_end"}}
{"timestamp":"2025-06-29T20:25:02.098Z","userId":"e4a5a8be-48d5-477d-a3ae-bbd2ef770f3a","email":"deeshop9821@gmail.com","eventType":"MEMORY_UPDATE_SUCCESS","details":{"trigger":"quality_3_substantial","messageCount":14,"substantialCount":12,"summaryLength":1695,"topicShift":{"hasShift":true,"similarity":0.2,"recentTopics":["health","work","relationships"],"memoryTopics":["personal_growth","emotions","health"],"reason":"significant_topic_change"}}}
{"timestamp":"2025-06-30T13:01:21.144Z","userId":"e4a5a8be-48d5-477d-a3ae-bbd2ef770f3a","email":"deeshop9821@gmail.com","eventType":"SUMMARIZE_START","details":{"messageCount":0,"sessionEnd":true,"trigger":"session_end"}}
{"timestamp":"2025-06-30T13:01:26.054Z","userId":"e4a5a8be-48d5-477d-a3ae-bbd2ef770f3a","email":"deeshop9821@gmail.com","eventType":"MEMORY_UPDATE_SUCCESS","details":{"trigger":"topic_shift_detected","messageCount":14,"substantialCount":11,"summaryLength":1695,"topicShift":{"hasShift":true,"similarity":0.2,"recentTopics":["health","work","relationships"],"memoryTopics":["personal_growth","emotions","health"],"reason":"significant_topic_change"}}}
{"timestamp":"2025-06-30T13:01:31.404Z","userId":"e4a5a8be-48d5-477d-a3ae-bbd2ef770f3a","email":"deeshop9821@gmail.com","eventType":"SUMMARIZE_START","details":{"messageCount":0,"sessionEnd":true,"trigger":"session_end"}}
{"timestamp":"2025-06-30T13:01:35.917Z","userId":"e4a5a8be-48d5-477d-a3ae-bbd2ef770f3a","email":"deeshop9821@gmail.com","eventType":"MEMORY_UPDATE_SUCCESS","details":{"trigger":"quality_3_substantial","messageCount":14,"substantialCount":12,"summaryLength":1695,"topicShift":{"hasShift":true,"similarity":0.2,"recentTopics":["health","work","relationships"],"memoryTopics":["personal_growth","emotions","health"],"reason":"significant_topic_change"}}}
{"timestamp":"2025-06-30T13:01:46.948Z","userId":"e4a5a8be-48d5-477d-a3ae-bbd2ef770f3a","email":"deeshop9821@gmail.com","eventType":"SUMMARIZE_START","details":{"messageCount":0,"sessionEnd":true,"trigger":"session_end"}}
{"timestamp":"2025-06-30T13:01:49.628Z","userId":"e4a5a8be-48d5-477d-a3ae-bbd2ef770f3a","email":"deeshop9821@gmail.com","eventType":"MEMORY_UPDATE_SUCCESS","details":{"trigger":"quality_3_substantial","messageCount":14,"substantialCount":12,"summaryLength":1695,"topicShift":{"hasShift":true,"similarity":0.2,"recentTopics":["health","work","relationships"],"memoryTopics":["personal_growth","emotions","health"],"reason":"significant_topic_change"}}}
{"timestamp":"2025-06-30T13:01:57.719Z","userId":"e4a5a8be-48d5-477d-a3ae-bbd2ef770f3a","email":"deeshop9821@gmail.com","eventType":"SUMMARIZE_START","details":{"messageCount":0,"sessionEnd":true,"trigger":"session_end"}}
{"timestamp":"2025-06-30T13:02:02.550Z","userId":"e4a5a8be-48d5-477d-a3ae-bbd2ef770f3a","email":"deeshop9821@gmail.com","eventType":"MEMORY_UPDATE_SUCCESS","details":{"trigger":"quality_3_substantial","messageCount":14,"substantialCount":12,"summaryLength":1695,"topicShift":{"hasShift":true,"similarity":0.2,"recentTopics":["health","work","relationships"],"memoryTopics":["personal_growth","emotions","health"],"reason":"significant_topic_change"}}}
{"timestamp":"2025-06-30T13:02:10.686Z","userId":"e4a5a8be-48d5-477d-a3ae-bbd2ef770f3a","email":"deeshop9821@gmail.com","eventType":"SUMMARIZE_START","details":{"messageCount":0,"sessionEnd":true,"trigger":"session_end"}}
{"timestamp":"2025-06-30T13:02:13.538Z","userId":"e4a5a8be-48d5-477d-a3ae-bbd2ef770f3a","email":"deeshop9821@gmail.com","eventType":"MEMORY_UPDATE_SUCCESS","details":{"trigger":"quality_3_substantial","messageCount":14,"substantialCount":12,"summaryLength":1695,"topicShift":{"hasShift":true,"similarity":0.2,"recentTopics":["health","work","relationships"],"memoryTopics":["personal_growth","emotions","health"],"reason":"significant_topic_change"}}}
{"timestamp":"2025-06-30T13:02:25.418Z","userId":"e4a5a8be-48d5-477d-a3ae-bbd2ef770f3a","email":"deeshop9821@gmail.com","eventType":"SUMMARIZE_START","details":{"messageCount":0,"sessionEnd":true,"trigger":"session_end"}}
{"timestamp":"2025-06-30T13:02:28.069Z","userId":"e4a5a8be-48d5-477d-a3ae-bbd2ef770f3a","email":"deeshop9821@gmail.com","eventType":"MEMORY_UPDATE_SUCCESS","details":{"trigger":"quality_3_substantial","messageCount":14,"substantialCount":12,"summaryLength":1695,"topicShift":{"hasShift":true,"similarity":0.2,"recentTopics":["health","work","relationships"],"memoryTopics":["personal_growth","emotions","health"],"reason":"significant_topic_change"}}}
{"timestamp":"2025-06-30T13:02:49.924Z","userId":"e4a5a8be-48d5-477d-a3ae-bbd2ef770f3a","email":"deeshop9821@gmail.com","eventType":"SUMMARIZE_START","details":{"messageCount":0,"sessionEnd":true,"trigger":"session_end"}}
{"timestamp":"2025-06-30T13:02:51.489Z","userId":"e4a5a8be-48d5-477d-a3ae-bbd2ef770f3a","email":"deeshop9821@gmail.com","eventType":"MEMORY_UPDATE_SUCCESS","details":{"trigger":"quality_3_substantial","messageCount":14,"substantialCount":12,"summaryLength":1695,"topicShift":{"hasShift":true,"similarity":0.2,"recentTopics":["health","work","relationships"],"memoryTopics":["personal_growth","emotions","health"],"reason":"significant_topic_change"}}}
{"timestamp":"2025-06-30T13:02:59.695Z","userId":"e4a5a8be-48d5-477d-a3ae-bbd2ef770f3a","email":"deeshop9821@gmail.com","eventType":"SUMMARIZE_START","details":{"messageCount":0,"sessionEnd":true,"trigger":"session_end"}}
{"timestamp":"2025-06-30T13:03:04.141Z","userId":"e4a5a8be-48d5-477d-a3ae-bbd2ef770f3a","email":"deeshop9821@gmail.com","eventType":"MEMORY_UPDATE_SUCCESS","details":{"trigger":"quality_3_substantial","messageCount":14,"substantialCount":12,"summaryLength":1695,"topicShift":{"hasShift":true,"similarity":0.2,"recentTopics":["health","work","relationships"],"memoryTopics":["personal_growth","emotions","health"],"reason":"significant_topic_change"}}}
{"timestamp":"2025-06-30T13:03:11.876Z","userId":"e4a5a8be-48d5-477d-a3ae-bbd2ef770f3a","email":"deeshop9821@gmail.com","eventType":"SUMMARIZE_START","details":{"messageCount":0,"sessionEnd":true,"trigger":"session_end"}}
{"timestamp":"2025-06-30T13:03:14.852Z","userId":"e4a5a8be-48d5-477d-a3ae-bbd2ef770f3a","email":"deeshop9821@gmail.com","eventType":"MEMORY_UPDATE_SUCCESS","details":{"trigger":"quality_3_substantial","messageCount":14,"substantialCount":12,"summaryLength":1695,"topicShift":{"hasShift":true,"similarity":0.2,"recentTopics":["health","work","relationships"],"memoryTopics":["personal_growth","emotions","health"],"reason":"significant_topic_change"}}}
{"timestamp":"2025-06-30T13:03:22.350Z","userId":"e4a5a8be-48d5-477d-a3ae-bbd2ef770f3a","email":"deeshop9821@gmail.com","eventType":"SUMMARIZE_START","details":{"messageCount":0,"sessionEnd":true,"trigger":"session_end"}}
{"timestamp":"2025-06-30T13:03:26.281Z","userId":"e4a5a8be-48d5-477d-a3ae-bbd2ef770f3a","email":"deeshop9821@gmail.com","eventType":"MEMORY_UPDATE_SUCCESS","details":{"trigger":"quality_3_substantial","messageCount":14,"substantialCount":12,"summaryLength":1695,"topicShift":{"hasShift":true,"similarity":0.2,"recentTopics":["health","work","relationships"],"memoryTopics":["personal_growth","emotions","health"],"reason":"significant_topic_change"}}}
{"timestamp":"2025-06-30T13:03:36.499Z","userId":"e4a5a8be-48d5-477d-a3ae-bbd2ef770f3a","email":"deeshop9821@gmail.com","eventType":"SUMMARIZE_START","details":{"messageCount":0,"sessionEnd":true,"trigger":"session_end"}}
{"timestamp":"2025-06-30T13:03:40.167Z","userId":"e4a5a8be-48d5-477d-a3ae-bbd2ef770f3a","email":"deeshop9821@gmail.com","eventType":"MEMORY_UPDATE_SUCCESS","details":{"trigger":"topic_shift_detected","messageCount":14,"substantialCount":11,"summaryLength":1695,"topicShift":{"hasShift":true,"similarity":0.2,"recentTopics":["health","work","relationships"],"memoryTopics":["personal_growth","emotions","health"],"reason":"significant_topic_change"}}}
{"timestamp":"2025-06-30T13:03:42.997Z","userId":"e4a5a8be-48d5-477d-a3ae-bbd2ef770f3a","email":"deeshop9821@gmail.com","eventType":"SUMMARIZE_START","details":{"messageCount":0,"sessionEnd":true,"trigger":"session_end"}}
{"timestamp":"2025-06-30T13:03:47.393Z","userId":"e4a5a8be-48d5-477d-a3ae-bbd2ef770f3a","email":"deeshop9821@gmail.com","eventType":"MEMORY_UPDATE_SUCCESS","details":{"trigger":"quality_3_substantial","messageCount":14,"substantialCount":12,"summaryLength":1695,"topicShift":{"hasShift":true,"similarity":0.2,"recentTopics":["health","work","relationships"],"memoryTopics":["personal_growth","emotions","health"],"reason":"significant_topic_change"}}}
{"timestamp":"2025-06-30T13:03:53.018Z","userId":"e4a5a8be-48d5-477d-a3ae-bbd2ef770f3a","email":"deeshop9821@gmail.com","eventType":"SUMMARIZE_START","details":{"messageCount":0,"sessionEnd":true,"trigger":"session_end"}}
{"timestamp":"2025-06-30T13:03:56.518Z","userId":"e4a5a8be-48d5-477d-a3ae-bbd2ef770f3a","email":"deeshop9821@gmail.com","eventType":"MEMORY_UPDATE_SUCCESS","details":{"trigger":"quality_3_substantial","messageCount":14,"substantialCount":12,"summaryLength":1695,"topicShift":{"hasShift":true,"similarity":0.2,"recentTopics":["health","work","relationships"],"memoryTopics":["personal_growth","emotions","health"],"reason":"significant_topic_change"}}}
{"timestamp":"2025-06-30T13:24:36.916Z","userId":"e4a5a8be-48d5-477d-a3ae-bbd2ef770f3a","email":"deeshop9821@gmail.com","eventType":"SUMMARIZE_START","details":{"messageCount":0,"sessionEnd":true,"trigger":"session_end"}}
{"timestamp":"2025-06-30T13:24:40.491Z","userId":"e4a5a8be-48d5-477d-a3ae-bbd2ef770f3a","email":"deeshop9821@gmail.com","eventType":"MANUAL_REFRESH","details":{"success":true,"summaryLength":1695,"profileStatus":"Profile has memory_summary of length 1695 (updated: 2025-06-30T13:03:48.619223+00:00)"}}
{"timestamp":"2025-06-30T13:24:44.861Z","userId":"e4a5a8be-48d5-477d-a3ae-bbd2ef770f3a","email":"deeshop9821@gmail.com","eventType":"SUMMARIZE_START","details":{"messageCount":0,"sessionEnd":true,"trigger":"session_end"}}
{"timestamp":"2025-06-30T13:24:49.935Z","userId":"e4a5a8be-48d5-477d-a3ae-bbd2ef770f3a","email":"deeshop9821@gmail.com","eventType":"MEMORY_UPDATE_SUCCESS","details":{"trigger":"topic_shift_detected","messageCount":14,"substantialCount":11,"summaryLength":1695,"topicShift":{"hasShift":true,"similarity":0.2,"recentTopics":["health","work","relationships"],"memoryTopics":["personal_growth","emotions","health"],"reason":"significant_topic_change"}}}
{"timestamp":"2025-06-30T13:27:20.268Z","userId":"e4a5a8be-48d5-477d-a3ae-bbd2ef770f3a","email":"deeshop9821@gmail.com","eventType":"SUMMARIZE_START","details":{"messageCount":0,"sessionEnd":true,"trigger":"session_end"}}
{"timestamp":"2025-06-30T13:27:24.798Z","userId":"e4a5a8be-48d5-477d-a3ae-bbd2ef770f3a","email":"deeshop9821@gmail.com","eventType":"MEMORY_UPDATE_SUCCESS","details":{"trigger":"quality_3_substantial","messageCount":14,"substantialCount":12,"summaryLength":1695,"topicShift":{"hasShift":true,"similarity":0.2,"recentTopics":["health","work","relationships"],"memoryTopics":["personal_growth","emotions","health"],"reason":"significant_topic_change"}}}
{"timestamp":"2025-06-30T14:27:16.472Z","userId":"e4a5a8be-48d5-477d-a3ae-bbd2ef770f3a","email":"deeshop9821@gmail.com","eventType":"SUMMARIZE_START","details":{"messageCount":0,"sessionEnd":true,"trigger":"session_end"}}
{"timestamp":"2025-06-30T14:27:20.496Z","userId":"e4a5a8be-48d5-477d-a3ae-bbd2ef770f3a","email":"deeshop9821@gmail.com","eventType":"MANUAL_REFRESH","details":{"success":true,"summaryLength":1695,"profileStatus":"Profile has memory_summary of length 1695 (updated: 2025-06-30T13:27:14.220533+00:00)"}}
{"timestamp":"2025-06-30T14:27:24.497Z","userId":"e4a5a8be-48d5-477d-a3ae-bbd2ef770f3a","email":"deeshop9821@gmail.com","eventType":"SUMMARIZE_START","details":{"messageCount":0,"sessionEnd":true,"trigger":"session_end"}}
{"timestamp":"2025-06-30T14:27:27.851Z","userId":"e4a5a8be-48d5-477d-a3ae-bbd2ef770f3a","email":"deeshop9821@gmail.com","eventType":"MEMORY_UPDATE_SUCCESS","details":{"trigger":"topic_shift_detected","messageCount":14,"substantialCount":11,"summaryLength":1695,"topicShift":{"hasShift":true,"similarity":0.2,"recentTopics":["health","work","relationships"],"memoryTopics":["personal_growth","emotions","health"],"reason":"significant_topic_change"}}}
{"timestamp":"2025-06-30T14:28:30.190Z","userId":"e4a5a8be-48d5-477d-a3ae-bbd2ef770f3a","email":"deeshop9821@gmail.com","eventType":"SUMMARIZE_START","details":{"messageCount":0,"sessionEnd":true,"trigger":"session_end"}}
{"timestamp":"2025-06-30T14:28:34.469Z","userId":"e4a5a8be-48d5-477d-a3ae-bbd2ef770f3a","email":"deeshop9821@gmail.com","eventType":"MEMORY_UPDATE_SUCCESS","details":{"trigger":"quality_3_substantial","messageCount":14,"substantialCount":12,"summaryLength":1695,"topicShift":{"hasShift":true,"similarity":0.2,"recentTopics":["health","work","relationships"],"memoryTopics":["personal_growth","emotions","health"],"reason":"significant_topic_change"}}}
{"timestamp":"2025-06-30T14:46:56.381Z","userId":"e4a5a8be-48d5-477d-a3ae-bbd2ef770f3a","email":"deeshop9821@gmail.com","eventType":"SUMMARIZE_START","details":{"messageCount":0,"sessionEnd":true,"trigger":"session_end"}}
{"timestamp":"2025-06-30T14:47:01.231Z","userId":"e4a5a8be-48d5-477d-a3ae-bbd2ef770f3a","email":"deeshop9821@gmail.com","eventType":"MANUAL_REFRESH","details":{"success":true,"summaryLength":1695,"profileStatus":"Profile has memory_summary of length 1695 (updated: 2025-06-30T14:28:23.183023+00:00)"}}
{"timestamp":"2025-06-30T14:47:07.495Z","userId":"e4a5a8be-48d5-477d-a3ae-bbd2ef770f3a","email":"deeshop9821@gmail.com","eventType":"SUMMARIZE_START","details":{"messageCount":0,"sessionEnd":true,"trigger":"session_end"}}
{"timestamp":"2025-06-30T14:47:09.901Z","userId":"e4a5a8be-48d5-477d-a3ae-bbd2ef770f3a","email":"deeshop9821@gmail.com","eventType":"MEMORY_UPDATE_SUCCESS","details":{"trigger":"topic_shift_detected","messageCount":14,"substantialCount":11,"summaryLength":1695,"topicShift":{"hasShift":true,"similarity":0.2,"recentTopics":["health","work","relationships"],"memoryTopics":["personal_growth","emotions","health"],"reason":"significant_topic_change"}}}
{"timestamp":"2025-06-30T14:48:34.801Z","userId":"e4a5a8be-48d5-477d-a3ae-bbd2ef770f3a","email":"deeshop9821@gmail.com","eventType":"SUMMARIZE_START","details":{"messageCount":0,"sessionEnd":true,"trigger":"session_end"}}
{"timestamp":"2025-06-30T14:48:39.325Z","userId":"e4a5a8be-48d5-477d-a3ae-bbd2ef770f3a","email":"deeshop9821@gmail.com","eventType":"MEMORY_UPDATE_SUCCESS","details":{"trigger":"quality_3_substantial","messageCount":14,"substantialCount":12,"summaryLength":1695,"topicShift":{"hasShift":true,"similarity":0.2,"recentTopics":["health","work","relationships"],"memoryTopics":["personal_growth","emotions","health"],"reason":"significant_topic_change"}}}
{"timestamp":"2025-06-30T14:49:18.619Z","userId":"e4a5a8be-48d5-477d-a3ae-bbd2ef770f3a","email":"deeshop9821@gmail.com","eventType":"SUMMARIZE_START","details":{"messageCount":0,"sessionEnd":true,"trigger":"session_end"}}
{"timestamp":"2025-06-30T14:49:21.713Z","userId":"e4a5a8be-48d5-477d-a3ae-bbd2ef770f3a","email":"deeshop9821@gmail.com","eventType":"MEMORY_UPDATE_SUCCESS","details":{"trigger":"quality_3_substantial","messageCount":14,"substantialCount":12,"summaryLength":1695,"topicShift":{"hasShift":true,"similarity":0.2,"recentTopics":["health","work","relationships"],"memoryTopics":["personal_growth","emotions","health"],"reason":"significant_topic_change"}}}
{"timestamp":"2025-06-30T14:50:04.187Z","userId":"e4a5a8be-48d5-477d-a3ae-bbd2ef770f3a","email":"deeshop9821@gmail.com","eventType":"SUMMARIZE_START","details":{"messageCount":0,"sessionEnd":true,"trigger":"session_end"}}
{"timestamp":"2025-06-30T14:50:06.846Z","userId":"e4a5a8be-48d5-477d-a3ae-bbd2ef770f3a","email":"deeshop9821@gmail.com","eventType":"MEMORY_UPDATE_SUCCESS","details":{"trigger":"quality_3_substantial","messageCount":14,"substantialCount":12,"summaryLength":1695,"topicShift":{"hasShift":true,"similarity":0.2,"recentTopics":["health","work","relationships"],"memoryTopics":["personal_growth","emotions","health"],"reason":"significant_topic_change"}}}
{"timestamp":"2025-06-30T14:50:58.302Z","userId":"e4a5a8be-48d5-477d-a3ae-bbd2ef770f3a","email":"deeshop9821@gmail.com","eventType":"SUMMARIZE_START","details":{"messageCount":0,"sessionEnd":true,"trigger":"session_end"}}
{"timestamp":"2025-06-30T14:51:01.873Z","userId":"e4a5a8be-48d5-477d-a3ae-bbd2ef770f3a","email":"deeshop9821@gmail.com","eventType":"MEMORY_UPDATE_SUCCESS","details":{"trigger":"quality_3_substantial","messageCount":14,"substantialCount":12,"summaryLength":1695,"topicShift":{"hasShift":true,"similarity":0.2,"recentTopics":["health","work","relationships"],"memoryTopics":["personal_growth","emotions","health"],"reason":"significant_topic_change"}}}
{"timestamp":"2025-06-30T15:09:51.146Z","userId":"e4a5a8be-48d5-477d-a3ae-bbd2ef770f3a","email":"deeshop9821@gmail.com","eventType":"SUMMARIZE_START","details":{"messageCount":0,"sessionEnd":true,"trigger":"session_end"}}
{"timestamp":"2025-06-30T15:09:54.633Z","userId":"e4a5a8be-48d5-477d-a3ae-bbd2ef770f3a","email":"deeshop9821@gmail.com","eventType":"MANUAL_REFRESH","details":{"success":true,"summaryLength":1695,"profileStatus":"Profile has memory_summary of length 1695 (updated: 2025-06-30T14:50:53.077319+00:00)"}}
{"timestamp":"2025-06-30T15:10:00.439Z","userId":"e4a5a8be-48d5-477d-a3ae-bbd2ef770f3a","email":"deeshop9821@gmail.com","eventType":"SUMMARIZE_START","details":{"messageCount":0,"sessionEnd":true,"trigger":"session_end"}}
{"timestamp":"2025-06-30T15:10:03.077Z","userId":"e4a5a8be-48d5-477d-a3ae-bbd2ef770f3a","email":"deeshop9821@gmail.com","eventType":"MEMORY_UPDATE_SUCCESS","details":{"trigger":"topic_shift_detected","messageCount":14,"substantialCount":11,"summaryLength":1695,"topicShift":{"hasShift":true,"similarity":0.2,"recentTopics":["health","work","relationships"],"memoryTopics":["personal_growth","emotions","health"],"reason":"significant_topic_change"}}}
{"timestamp":"2025-06-30T15:10:47.598Z","userId":"e4a5a8be-48d5-477d-a3ae-bbd2ef770f3a","email":"deeshop9821@gmail.com","eventType":"SUMMARIZE_START","details":{"messageCount":0,"sessionEnd":true,"trigger":"session_end"}}
{"timestamp":"2025-06-30T15:10:50.072Z","userId":"e4a5a8be-48d5-477d-a3ae-bbd2ef770f3a","email":"deeshop9821@gmail.com","eventType":"MEMORY_UPDATE_SUCCESS","details":{"trigger":"quality_3_substantial","messageCount":14,"substantialCount":12,"summaryLength":1695,"topicShift":{"hasShift":true,"similarity":0.2,"recentTopics":["health","work","relationships"],"memoryTopics":["personal_growth","emotions","health"],"reason":"significant_topic_change"}}}
{"timestamp":"2025-06-30T15:11:12.444Z","userId":"e4a5a8be-48d5-477d-a3ae-bbd2ef770f3a","email":"deeshop9821@gmail.com","eventType":"SUMMARIZE_START","details":{"messageCount":0,"sessionEnd":true,"trigger":"session_end"}}
{"timestamp":"2025-06-30T15:11:16.420Z","userId":"e4a5a8be-48d5-477d-a3ae-bbd2ef770f3a","email":"deeshop9821@gmail.com","eventType":"MEMORY_UPDATE_SUCCESS","details":{"trigger":"quality_3_substantial","messageCount":14,"substantialCount":12,"summaryLength":1695,"topicShift":{"hasShift":true,"similarity":0.2,"recentTopics":["health","work","relationships"],"memoryTopics":["personal_growth","emotions","health"],"reason":"significant_topic_change"}}}
{"timestamp":"2025-06-30T15:11:59.294Z","userId":"e4a5a8be-48d5-477d-a3ae-bbd2ef770f3a","email":"deeshop9821@gmail.com","eventType":"SUMMARIZE_START","details":{"messageCount":0,"sessionEnd":true,"trigger":"session_end"}}
{"timestamp":"2025-06-30T15:12:01.899Z","userId":"e4a5a8be-48d5-477d-a3ae-bbd2ef770f3a","email":"deeshop9821@gmail.com","eventType":"MEMORY_UPDATE_SUCCESS","details":{"trigger":"quality_3_substantial","messageCount":14,"substantialCount":12,"summaryLength":1695,"topicShift":{"hasShift":true,"similarity":0.2,"recentTopics":["health","work","relationships"],"memoryTopics":["personal_growth","emotions","health"],"reason":"significant_topic_change"}}}
{"timestamp":"2025-06-30T15:20:58.008Z","userId":"e4a5a8be-48d5-477d-a3ae-bbd2ef770f3a","email":"deeshop9821@gmail.com","eventType":"SUMMARIZE_START","details":{"messageCount":0,"sessionEnd":true,"trigger":"session_end"}}
{"timestamp":"2025-06-30T15:21:02.325Z","userId":"e4a5a8be-48d5-477d-a3ae-bbd2ef770f3a","email":"deeshop9821@gmail.com","eventType":"MANUAL_REFRESH","details":{"success":true,"summaryLength":1695,"profileStatus":"Profile has memory_summary of length 1695 (updated: 2025-06-30T15:11:57.348577+00:00)"}}
{"timestamp":"2025-06-30T15:21:05.491Z","userId":"e4a5a8be-48d5-477d-a3ae-bbd2ef770f3a","email":"deeshop9821@gmail.com","eventType":"SUMMARIZE_START","details":{"messageCount":0,"sessionEnd":true,"trigger":"session_end"}}
{"timestamp":"2025-06-30T15:21:08.134Z","userId":"e4a5a8be-48d5-477d-a3ae-bbd2ef770f3a","email":"deeshop9821@gmail.com","eventType":"MEMORY_UPDATE_SUCCESS","details":{"trigger":"time_24_hours","messageCount":14,"substantialCount":11,"summaryLength":1695,"topicShift":{"hasShift":true,"similarity":0.2,"recentTopics":["health","work","relationships"],"memoryTopics":["personal_growth","emotions","health"],"reason":"significant_topic_change"}}}
{"timestamp":"2025-06-30T15:22:13.694Z","userId":"e4a5a8be-48d5-477d-a3ae-bbd2ef770f3a","email":"deeshop9821@gmail.com","eventType":"SUMMARIZE_START","details":{"messageCount":0,"sessionEnd":true,"trigger":"session_end"}}
{"timestamp":"2025-06-30T15:22:16.907Z","userId":"e4a5a8be-48d5-477d-a3ae-bbd2ef770f3a","email":"deeshop9821@gmail.com","eventType":"MEMORY_UPDATE_SUCCESS","details":{"trigger":"quality_3_substantial","messageCount":14,"substantialCount":12,"summaryLength":1695,"topicShift":{"hasShift":true,"similarity":0.2,"recentTopics":["health","work","relationships"],"memoryTopics":["personal_growth","emotions","health"],"reason":"significant_topic_change"}}}
{"timestamp":"2025-06-30T15:22:47.023Z","userId":"e4a5a8be-48d5-477d-a3ae-bbd2ef770f3a","email":"deeshop9821@gmail.com","eventType":"SUMMARIZE_START","details":{"messageCount":0,"sessionEnd":true,"trigger":"session_end"}}
{"timestamp":"2025-06-30T15:22:49.225Z","userId":"e4a5a8be-48d5-477d-a3ae-bbd2ef770f3a","email":"deeshop9821@gmail.com","eventType":"MEMORY_UPDATE_SUCCESS","details":{"trigger":"topic_shift_detected","messageCount":14,"substantialCount":11,"summaryLength":1695,"topicShift":{"hasShift":true,"similarity":0.2,"recentTopics":["health","work","relationships"],"memoryTopics":["personal_growth","emotions","health"],"reason":"significant_topic_change"}}}
{"timestamp":"2025-06-30T15:23:17.902Z","userId":"e4a5a8be-48d5-477d-a3ae-bbd2ef770f3a","email":"deeshop9821@gmail.com","eventType":"SUMMARIZE_START","details":{"messageCount":0,"sessionEnd":true,"trigger":"session_end"}}
{"timestamp":"2025-06-30T15:23:20.695Z","userId":"e4a5a8be-48d5-477d-a3ae-bbd2ef770f3a","email":"deeshop9821@gmail.com","eventType":"MEMORY_UPDATE_SUCCESS","details":{"trigger":"quality_3_substantial","messageCount":14,"substantialCount":12,"summaryLength":1695,"topicShift":{"hasShift":true,"similarity":0.2,"recentTopics":["health","work","relationships"],"memoryTopics":["personal_growth","emotions","health"],"reason":"significant_topic_change"}}}
{"timestamp":"2025-06-30T15:23:43.394Z","userId":"e4a5a8be-48d5-477d-a3ae-bbd2ef770f3a","email":"deeshop9821@gmail.com","eventType":"SUMMARIZE_START","details":{"messageCount":0,"sessionEnd":true,"trigger":"session_end"}}
{"timestamp":"2025-06-30T15:23:46.284Z","userId":"e4a5a8be-48d5-477d-a3ae-bbd2ef770f3a","email":"deeshop9821@gmail.com","eventType":"MEMORY_UPDATE_SUCCESS","details":{"trigger":"quality_3_substantial","messageCount":14,"substantialCount":12,"summaryLength":1695,"topicShift":{"hasShift":true,"similarity":0.2,"recentTopics":["health","work","relationships"],"memoryTopics":["personal_growth","emotions","health"],"reason":"significant_topic_change"}}}
{"timestamp":"2025-06-30T15:29:32.646Z","userId":"e4a5a8be-48d5-477d-a3ae-bbd2ef770f3a","email":"deeshop9821@gmail.com","eventType":"SUMMARIZE_START","details":{"messageCount":0,"sessionEnd":true,"trigger":"session_end"}}
{"timestamp":"2025-06-30T15:29:35.186Z","userId":"e4a5a8be-48d5-477d-a3ae-bbd2ef770f3a","email":"deeshop9821@gmail.com","eventType":"MANUAL_REFRESH","details":{"success":true,"summaryLength":1695,"profileStatus":"Profile has memory_summary of length 1695 (updated: 2025-06-30T15:23:40.703368+00:00)"}}
{"timestamp":"2025-06-30T15:47:00.559Z","userId":"e4a5a8be-48d5-477d-a3ae-bbd2ef770f3a","email":"deeshop9821@gmail.com","eventType":"SUMMARIZE_START","details":{"messageCount":0,"sessionEnd":true,"trigger":"session_end"}}
{"timestamp":"2025-06-30T15:47:03.157Z","userId":"e4a5a8be-48d5-477d-a3ae-bbd2ef770f3a","email":"deeshop9821@gmail.com","eventType":"MANUAL_REFRESH","details":{"success":true,"summaryLength":1695,"profileStatus":"Profile has memory_summary of length 1695 (updated: 2025-06-30T15:29:35.939181+00:00)"}}
{"timestamp":"2025-06-30T15:47:06.004Z","userId":"e4a5a8be-48d5-477d-a3ae-bbd2ef770f3a","email":"deeshop9821@gmail.com","eventType":"SUMMARIZE_START","details":{"messageCount":0,"sessionEnd":true,"trigger":"session_end"}}
{"timestamp":"2025-06-30T15:47:07.997Z","userId":"e4a5a8be-48d5-477d-a3ae-bbd2ef770f3a","email":"deeshop9821@gmail.com","eventType":"MEMORY_UPDATE_SUCCESS","details":{"trigger":"topic_shift_detected","messageCount":14,"substantialCount":11,"summaryLength":1695,"topicShift":{"hasShift":true,"similarity":0.2,"recentTopics":["health","work","relationships"],"memoryTopics":["personal_growth","emotions","health"],"reason":"significant_topic_change"}}}
{"timestamp":"2025-06-30T15:48:12.120Z","userId":"e4a5a8be-48d5-477d-a3ae-bbd2ef770f3a","email":"deeshop9821@gmail.com","eventType":"SUMMARIZE_START","details":{"messageCount":0,"sessionEnd":true,"trigger":"session_end"}}
{"timestamp":"2025-06-30T15:48:15.007Z","userId":"e4a5a8be-48d5-477d-a3ae-bbd2ef770f3a","email":"deeshop9821@gmail.com","eventType":"MEMORY_UPDATE_SUCCESS","details":{"trigger":"topic_shift_detected","messageCount":14,"substantialCount":11,"summaryLength":1695,"topicShift":{"hasShift":true,"similarity":0.2,"recentTopics":["health","work","relationships"],"memoryTopics":["personal_growth","emotions","health"],"reason":"significant_topic_change"}}}
{"timestamp":"2025-06-30T15:49:29.660Z","userId":"e4a5a8be-48d5-477d-a3ae-bbd2ef770f3a","email":"deeshop9821@gmail.com","eventType":"SUMMARIZE_START","details":{"messageCount":0,"sessionEnd":true,"trigger":"session_end"}}
{"timestamp":"2025-06-30T15:49:34.671Z","userId":"e4a5a8be-48d5-477d-a3ae-bbd2ef770f3a","email":"deeshop9821@gmail.com","eventType":"MEMORY_UPDATE_SUCCESS","details":{"trigger":"quality_3_substantial","messageCount":14,"substantialCount":12,"summaryLength":1695,"topicShift":{"hasShift":true,"similarity":0.2,"recentTopics":["health","work","relationships"],"memoryTopics":["personal_growth","emotions","health"],"reason":"significant_topic_change"}}}
{"timestamp":"2025-06-30T15:50:45.015Z","userId":"e4a5a8be-48d5-477d-a3ae-bbd2ef770f3a","email":"deeshop9821@gmail.com","eventType":"SUMMARIZE_START","details":{"messageCount":0,"sessionEnd":true,"trigger":"session_end"}}
{"timestamp":"2025-06-30T15:50:46.891Z","userId":"e4a5a8be-48d5-477d-a3ae-bbd2ef770f3a","email":"deeshop9821@gmail.com","eventType":"MEMORY_UPDATE_SUCCESS","details":{"trigger":"quality_3_substantial","messageCount":14,"substantialCount":12,"summaryLength":1695,"topicShift":{"hasShift":true,"similarity":0.2,"recentTopics":["health","work","relationships"],"memoryTopics":["personal_growth","emotions","health"],"reason":"significant_topic_change"}}}
{"timestamp":"2025-06-30T15:55:01.900Z","userId":"e4a5a8be-48d5-477d-a3ae-bbd2ef770f3a","email":"deeshop9821@gmail.com","eventType":"SUMMARIZE_START","details":{"messageCount":0,"sessionEnd":true,"trigger":"session_end"}}
{"timestamp":"2025-06-30T15:55:04.723Z","userId":"e4a5a8be-48d5-477d-a3ae-bbd2ef770f3a","email":"deeshop9821@gmail.com","eventType":"MEMORY_UPDATE_SUCCESS","details":{"trigger":"topic_shift_detected","messageCount":14,"substantialCount":11,"summaryLength":1695,"topicShift":{"hasShift":true,"similarity":0.2,"recentTopics":["health","work","relationships"],"memoryTopics":["personal_growth","emotions","health"],"reason":"significant_topic_change"}}}
{"timestamp":"2025-06-30T15:56:01.986Z","userId":"e4a5a8be-48d5-477d-a3ae-bbd2ef770f3a","email":"deeshop9821@gmail.com","eventType":"SUMMARIZE_START","details":{"messageCount":0,"sessionEnd":true,"trigger":"session_end"}}
{"timestamp":"2025-06-30T15:56:03.723Z","userId":"e4a5a8be-48d5-477d-a3ae-bbd2ef770f3a","email":"deeshop9821@gmail.com","eventType":"MEMORY_UPDATE_SUCCESS","details":{"trigger":"quality_3_substantial","messageCount":14,"substantialCount":12,"summaryLength":1695,"topicShift":{"hasShift":true,"similarity":0.2,"recentTopics":["health","work","relationships"],"memoryTopics":["personal_growth","emotions","health"],"reason":"significant_topic_change"}}}
{"timestamp":"2025-06-30T15:56:19.853Z","userId":"e4a5a8be-48d5-477d-a3ae-bbd2ef770f3a","email":"deeshop9821@gmail.com","eventType":"SUMMARIZE_START","details":{"messageCount":0,"sessionEnd":true,"trigger":"session_end"}}
{"timestamp":"2025-06-30T15:56:22.984Z","userId":"e4a5a8be-48d5-477d-a3ae-bbd2ef770f3a","email":"deeshop9821@gmail.com","eventType":"MEMORY_UPDATE_SUCCESS","details":{"trigger":"topic_shift_detected","messageCount":14,"substantialCount":11,"summaryLength":1695,"topicShift":{"hasShift":true,"similarity":0.2,"recentTopics":["health","work","relationships"],"memoryTopics":["personal_growth","emotions","health"],"reason":"significant_topic_change"}}}
{"timestamp":"2025-06-30T15:56:43.046Z","userId":"e4a5a8be-48d5-477d-a3ae-bbd2ef770f3a","email":"deeshop9821@gmail.com","eventType":"SUMMARIZE_START","details":{"messageCount":0,"sessionEnd":true,"trigger":"session_end"}}
{"timestamp":"2025-06-30T15:56:45.573Z","userId":"e4a5a8be-48d5-477d-a3ae-bbd2ef770f3a","email":"deeshop9821@gmail.com","eventType":"MEMORY_UPDATE_SUCCESS","details":{"trigger":"topic_shift_detected","messageCount":14,"substantialCount":11,"summaryLength":1695,"topicShift":{"hasShift":true,"similarity":0.2,"recentTopics":["health","work","relationships"],"memoryTopics":["personal_growth","emotions","health"],"reason":"significant_topic_change"}}}
{"timestamp":"2025-06-30T15:57:05.778Z","userId":"e4a5a8be-48d5-477d-a3ae-bbd2ef770f3a","email":"deeshop9821@gmail.com","eventType":"SUMMARIZE_START","details":{"messageCount":0,"sessionEnd":true,"trigger":"session_end"}}
{"timestamp":"2025-06-30T15:57:08.327Z","userId":"e4a5a8be-48d5-477d-a3ae-bbd2ef770f3a","email":"deeshop9821@gmail.com","eventType":"MEMORY_UPDATE_SUCCESS","details":{"trigger":"quality_3_substantial","messageCount":14,"substantialCount":12,"summaryLength":1695,"topicShift":{"hasShift":true,"similarity":0.2,"recentTopics":["health","work","relationships"],"memoryTopics":["personal_growth","emotions","health"],"reason":"significant_topic_change"}}}
{"timestamp":"2025-06-30T15:57:27.471Z","userId":"e4a5a8be-48d5-477d-a3ae-bbd2ef770f3a","email":"deeshop9821@gmail.com","eventType":"SUMMARIZE_START","details":{"messageCount":0,"sessionEnd":true,"trigger":"session_end"}}
{"timestamp":"2025-06-30T15:57:30.093Z","userId":"e4a5a8be-48d5-477d-a3ae-bbd2ef770f3a","email":"deeshop9821@gmail.com","eventType":"MEMORY_UPDATE_SUCCESS","details":{"trigger":"topic_shift_detected","messageCount":14,"substantialCount":11,"summaryLength":1695,"topicShift":{"hasShift":true,"similarity":0.2,"recentTopics":["health","work","relationships"],"memoryTopics":["personal_growth","emotions","health"],"reason":"significant_topic_change"}}}
{"timestamp":"2025-06-30T15:58:22.183Z","userId":"e4a5a8be-48d5-477d-a3ae-bbd2ef770f3a","email":"deeshop9821@gmail.com","eventType":"SUMMARIZE_START","details":{"messageCount":0,"sessionEnd":true,"trigger":"session_end"}}
{"timestamp":"2025-06-30T15:58:24.796Z","userId":"e4a5a8be-48d5-477d-a3ae-bbd2ef770f3a","email":"deeshop9821@gmail.com","eventType":"MEMORY_UPDATE_SUCCESS","details":{"trigger":"quality_3_substantial","messageCount":14,"substantialCount":12,"summaryLength":1695,"topicShift":{"hasShift":true,"similarity":0.2,"recentTopics":["health","work","relationships"],"memoryTopics":["personal_growth","emotions","health"],"reason":"significant_topic_change"}}}
{"timestamp":"2025-06-30T15:58:52.460Z","userId":"e4a5a8be-48d5-477d-a3ae-bbd2ef770f3a","email":"deeshop9821@gmail.com","eventType":"SUMMARIZE_START","details":{"messageCount":0,"sessionEnd":true,"trigger":"session_end"}}
{"timestamp":"2025-06-30T15:58:58.348Z","userId":"e4a5a8be-48d5-477d-a3ae-bbd2ef770f3a","email":"deeshop9821@gmail.com","eventType":"MANUAL_REFRESH","details":{"success":true,"summaryLength":1695,"profileStatus":"Profile has memory_summary of length 1695 (updated: 2025-06-30T15:58:20.412166+00:00)"}}
{"timestamp":"2025-06-30T15:59:00.068Z","userId":"e4a5a8be-48d5-477d-a3ae-bbd2ef770f3a","email":"deeshop9821@gmail.com","eventType":"SUMMARIZE_START","details":{"messageCount":0,"sessionEnd":true,"trigger":"session_end"}}
{"timestamp":"2025-06-30T15:59:01.616Z","userId":"e4a5a8be-48d5-477d-a3ae-bbd2ef770f3a","email":"deeshop9821@gmail.com","eventType":"MEMORY_UPDATE_SUCCESS","details":{"trigger":"topic_shift_detected","messageCount":14,"substantialCount":11,"summaryLength":1695,"topicShift":{"hasShift":true,"similarity":0.2,"recentTopics":["health","work","relationships"],"memoryTopics":["personal_growth","emotions","health"],"reason":"significant_topic_change"}}}
{"timestamp":"2025-06-30T15:59:18.986Z","userId":"e4a5a8be-48d5-477d-a3ae-bbd2ef770f3a","email":"deeshop9821@gmail.com","eventType":"SUMMARIZE_START","details":{"messageCount":0,"sessionEnd":true,"trigger":"session_end"}}
{"timestamp":"2025-06-30T15:59:20.996Z","userId":"e4a5a8be-48d5-477d-a3ae-bbd2ef770f3a","email":"deeshop9821@gmail.com","eventType":"MEMORY_UPDATE_SUCCESS","details":{"trigger":"topic_shift_detected","messageCount":14,"substantialCount":11,"summaryLength":1695,"topicShift":{"hasShift":true,"similarity":0.2,"recentTopics":["health","work","relationships"],"memoryTopics":["personal_growth","emotions","health"],"reason":"significant_topic_change"}}}
{"timestamp":"2025-06-30T15:59:36.350Z","userId":"e4a5a8be-48d5-477d-a3ae-bbd2ef770f3a","email":"deeshop9821@gmail.com","eventType":"SUMMARIZE_START","details":{"messageCount":0,"sessionEnd":true,"trigger":"session_end"}}
{"timestamp":"2025-06-30T15:59:38.291Z","userId":"e4a5a8be-48d5-477d-a3ae-bbd2ef770f3a","email":"deeshop9821@gmail.com","eventType":"MEMORY_UPDATE_SUCCESS","details":{"trigger":"topic_shift_detected","messageCount":14,"substantialCount":11,"summaryLength":1695,"topicShift":{"hasShift":true,"similarity":0.2,"recentTopics":["health","work","relationships"],"memoryTopics":["personal_growth","emotions","health"],"reason":"significant_topic_change"}}}
{"timestamp":"2025-06-30T15:59:57.235Z","userId":"e4a5a8be-48d5-477d-a3ae-bbd2ef770f3a","email":"deeshop9821@gmail.com","eventType":"SUMMARIZE_START","details":{"messageCount":0,"sessionEnd":true,"trigger":"session_end"}}
{"timestamp":"2025-06-30T16:00:00.150Z","userId":"e4a5a8be-48d5-477d-a3ae-bbd2ef770f3a","email":"deeshop9821@gmail.com","eventType":"MEMORY_UPDATE_SUCCESS","details":{"trigger":"quality_3_substantial","messageCount":14,"substantialCount":12,"summaryLength":1695,"topicShift":{"hasShift":true,"similarity":0.2,"recentTopics":["health","work","relationships"],"memoryTopics":["personal_growth","emotions","health"],"reason":"significant_topic_change"}}}
{"timestamp":"2025-06-30T16:00:27.068Z","userId":"e4a5a8be-48d5-477d-a3ae-bbd2ef770f3a","email":"deeshop9821@gmail.com","eventType":"SUMMARIZE_START","details":{"messageCount":0,"sessionEnd":true,"trigger":"session_end"}}
{"timestamp":"2025-06-30T16:00:32.712Z","userId":"e4a5a8be-48d5-477d-a3ae-bbd2ef770f3a","email":"deeshop9821@gmail.com","eventType":"MEMORY_UPDATE_SUCCESS","details":{"trigger":"quality_3_substantial","messageCount":14,"substantialCount":12,"summaryLength":1695,"topicShift":{"hasShift":true,"similarity":0.2,"recentTopics":["health","work","relationships"],"memoryTopics":["personal_growth","emotions","health"],"reason":"significant_topic_change"}}}
{"timestamp":"2025-06-30T16:01:12.689Z","userId":"e4a5a8be-48d5-477d-a3ae-bbd2ef770f3a","email":"deeshop9821@gmail.com","eventType":"SUMMARIZE_START","details":{"messageCount":0,"sessionEnd":true,"trigger":"session_end"}}
{"timestamp":"2025-06-30T16:01:15.884Z","userId":"e4a5a8be-48d5-477d-a3ae-bbd2ef770f3a","email":"deeshop9821@gmail.com","eventType":"MEMORY_UPDATE_SUCCESS","details":{"trigger":"quality_3_substantial","messageCount":14,"substantialCount":12,"summaryLength":1695,"topicShift":{"hasShift":true,"similarity":0.2,"recentTopics":["health","work","relationships"],"memoryTopics":["personal_growth","emotions","health"],"reason":"significant_topic_change"}}}
{"timestamp":"2025-06-30T17:50:24.316Z","userId":"e4a5a8be-48d5-477d-a3ae-bbd2ef770f3a","email":"deeshop9821@gmail.com","eventType":"SUMMARIZE_START","details":{"messageCount":0,"sessionEnd":true,"trigger":"session_end"}}
{"timestamp":"2025-06-30T17:50:27.930Z","userId":"e4a5a8be-48d5-477d-a3ae-bbd2ef770f3a","email":"deeshop9821@gmail.com","eventType":"MEMORY_UPDATE_SUCCESS","details":{"trigger":"topic_shift_detected","messageCount":14,"substantialCount":11,"summaryLength":1695,"topicShift":{"hasShift":true,"similarity":0.2,"recentTopics":["health","work","relationships"],"memoryTopics":["personal_growth","emotions","health"],"reason":"significant_topic_change"}}}
{"timestamp":"2025-06-30T17:50:43.076Z","userId":"e4a5a8be-48d5-477d-a3ae-bbd2ef770f3a","email":"deeshop9821@gmail.com","eventType":"SUMMARIZE_START","details":{"messageCount":0,"sessionEnd":true,"trigger":"session_end"}}
{"timestamp":"2025-06-30T17:50:45.776Z","userId":"e4a5a8be-48d5-477d-a3ae-bbd2ef770f3a","email":"deeshop9821@gmail.com","eventType":"MEMORY_UPDATE_SUCCESS","details":{"trigger":"topic_shift_detected","messageCount":14,"substantialCount":11,"summaryLength":1695,"topicShift":{"hasShift":true,"similarity":0.2,"recentTopics":["health","work","relationships"],"memoryTopics":["personal_growth","emotions","health"],"reason":"significant_topic_change"}}}
{"timestamp":"2025-06-30T17:51:13.374Z","userId":"e4a5a8be-48d5-477d-a3ae-bbd2ef770f3a","email":"deeshop9821@gmail.com","eventType":"SUMMARIZE_START","details":{"messageCount":0,"sessionEnd":true,"trigger":"session_end"}}
{"timestamp":"2025-06-30T17:51:15.694Z","userId":"e4a5a8be-48d5-477d-a3ae-bbd2ef770f3a","email":"deeshop9821@gmail.com","eventType":"MEMORY_UPDATE_SUCCESS","details":{"trigger":"quality_3_substantial","messageCount":14,"substantialCount":12,"summaryLength":1695,"topicShift":{"hasShift":true,"similarity":0.2,"recentTopics":["health","work","relationships"],"memoryTopics":["personal_growth","emotions","health"],"reason":"significant_topic_change"}}}
{"timestamp":"2025-06-30T17:51:48.996Z","userId":"e4a5a8be-48d5-477d-a3ae-bbd2ef770f3a","email":"deeshop9821@gmail.com","eventType":"SUMMARIZE_START","details":{"messageCount":0,"sessionEnd":true,"trigger":"session_end"}}
{"timestamp":"2025-06-30T17:51:56.495Z","userId":"e4a5a8be-48d5-477d-a3ae-bbd2ef770f3a","email":"deeshop9821@gmail.com","eventType":"MEMORY_UPDATE_SUCCESS","details":{"trigger":"quality_3_substantial","messageCount":14,"substantialCount":12,"summaryLength":1695,"topicShift":{"hasShift":true,"similarity":0.2,"recentTopics":["health","work","relationships"],"memoryTopics":["personal_growth","emotions","health"],"reason":"significant_topic_change"}}}
{"timestamp":"2025-06-30T17:52:37.252Z","userId":"e4a5a8be-48d5-477d-a3ae-bbd2ef770f3a","email":"deeshop9821@gmail.com","eventType":"SUMMARIZE_START","details":{"messageCount":0,"sessionEnd":true,"trigger":"session_end"}}
{"timestamp":"2025-06-30T17:52:41.414Z","userId":"e4a5a8be-48d5-477d-a3ae-bbd2ef770f3a","email":"deeshop9821@gmail.com","eventType":"MEMORY_UPDATE_SUCCESS","details":{"trigger":"quality_3_substantial","messageCount":14,"substantialCount":12,"summaryLength":1695,"topicShift":{"hasShift":true,"similarity":0.2,"recentTopics":["health","work","relationships"],"memoryTopics":["personal_growth","emotions","health"],"reason":"significant_topic_change"}}}
{"timestamp":"2025-06-30T18:22:35.814Z","userId":"e4a5a8be-48d5-477d-a3ae-bbd2ef770f3a","email":"deeshop9821@gmail.com","eventType":"SUMMARIZE_START","details":{"messageCount":0,"sessionEnd":true,"trigger":"session_end"}}
{"timestamp":"2025-06-30T18:22:39.001Z","userId":"e4a5a8be-48d5-477d-a3ae-bbd2ef770f3a","email":"deeshop9821@gmail.com","eventType":"MEMORY_UPDATE_SUCCESS","details":{"trigger":"quality_3_substantial","messageCount":14,"substantialCount":12,"summaryLength":1695,"topicShift":{"hasShift":true,"similarity":0.2,"recentTopics":["health","work","relationships"],"memoryTopics":["personal_growth","emotions","health"],"reason":"significant_topic_change"}}}
{"timestamp":"2025-06-30T18:23:03.990Z","userId":"e4a5a8be-48d5-477d-a3ae-bbd2ef770f3a","email":"deeshop9821@gmail.com","eventType":"SUMMARIZE_START","details":{"messageCount":0,"sessionEnd":true,"trigger":"session_end"}}
{"timestamp":"2025-06-30T18:23:06.040Z","userId":"e4a5a8be-48d5-477d-a3ae-bbd2ef770f3a","email":"deeshop9821@gmail.com","eventType":"MEMORY_UPDATE_SUCCESS","details":{"trigger":"quality_3_substantial","messageCount":14,"substantialCount":12,"summaryLength":1695,"topicShift":{"hasShift":true,"similarity":0.2,"recentTopics":["health","work","relationships"],"memoryTopics":["personal_growth","emotions","health"],"reason":"significant_topic_change"}}}
{"timestamp":"2025-06-30T18:23:21.815Z","userId":"e4a5a8be-48d5-477d-a3ae-bbd2ef770f3a","email":"deeshop9821@gmail.com","eventType":"SUMMARIZE_START","details":{"messageCount":0,"sessionEnd":true,"trigger":"session_end"}}
{"timestamp":"2025-06-30T18:23:24.668Z","userId":"e4a5a8be-48d5-477d-a3ae-bbd2ef770f3a","email":"deeshop9821@gmail.com","eventType":"MEMORY_UPDATE_SUCCESS","details":{"trigger":"quality_3_substantial","messageCount":14,"substantialCount":12,"summaryLength":1695,"topicShift":{"hasShift":true,"similarity":0.2,"recentTopics":["health","work","relationships"],"memoryTopics":["personal_growth","emotions","health"],"reason":"significant_topic_change"}}}
{"timestamp":"2025-06-30T18:23:33.905Z","userId":"e4a5a8be-48d5-477d-a3ae-bbd2ef770f3a","email":"deeshop9821@gmail.com","eventType":"SUMMARIZE_START","details":{"messageCount":0,"sessionEnd":true,"trigger":"session_end"}}
{"timestamp":"2025-06-30T18:23:37.031Z","userId":"e4a5a8be-48d5-477d-a3ae-bbd2ef770f3a","email":"deeshop9821@gmail.com","eventType":"MEMORY_UPDATE_SUCCESS","details":{"trigger":"quality_3_substantial","messageCount":14,"substantialCount":12,"summaryLength":1695,"topicShift":{"hasShift":true,"similarity":0.2,"recentTopics":["health","work","relationships"],"memoryTopics":["personal_growth","emotions","health"],"reason":"significant_topic_change"}}}
{"timestamp":"2025-06-30T18:23:44.697Z","userId":"e4a5a8be-48d5-477d-a3ae-bbd2ef770f3a","email":"deeshop9821@gmail.com","eventType":"SUMMARIZE_START","details":{"messageCount":0,"sessionEnd":true,"trigger":"session_end"}}
{"timestamp":"2025-06-30T18:23:46.883Z","userId":"e4a5a8be-48d5-477d-a3ae-bbd2ef770f3a","email":"deeshop9821@gmail.com","eventType":"MEMORY_UPDATE_SUCCESS","details":{"trigger":"quality_3_substantial","messageCount":14,"substantialCount":12,"summaryLength":1695,"topicShift":{"hasShift":true,"similarity":0.2,"recentTopics":["health","work","relationships"],"memoryTopics":["personal_growth","emotions","health"],"reason":"significant_topic_change"}}}
{"timestamp":"2025-06-30T18:23:53.491Z","userId":"e4a5a8be-48d5-477d-a3ae-bbd2ef770f3a","email":"deeshop9821@gmail.com","eventType":"SUMMARIZE_START","details":{"messageCount":0,"sessionEnd":true,"trigger":"session_end"}}
{"timestamp":"2025-06-30T18:23:55.087Z","userId":"e4a5a8be-48d5-477d-a3ae-bbd2ef770f3a","email":"deeshop9821@gmail.com","eventType":"MEMORY_UPDATE_SUCCESS","details":{"trigger":"quality_3_substantial","messageCount":14,"substantialCount":12,"summaryLength":1695,"topicShift":{"hasShift":true,"similarity":0.2,"recentTopics":["health","work","relationships"],"memoryTopics":["personal_growth","emotions","health"],"reason":"significant_topic_change"}}}
{"timestamp":"2025-06-30T18:24:03.102Z","userId":"e4a5a8be-48d5-477d-a3ae-bbd2ef770f3a","email":"deeshop9821@gmail.com","eventType":"SUMMARIZE_START","details":{"messageCount":0,"sessionEnd":true,"trigger":"session_end"}}
{"timestamp":"2025-06-30T18:24:05.554Z","userId":"e4a5a8be-48d5-477d-a3ae-bbd2ef770f3a","email":"deeshop9821@gmail.com","eventType":"MEMORY_UPDATE_SUCCESS","details":{"trigger":"quality_3_substantial","messageCount":14,"substantialCount":12,"summaryLength":1695,"topicShift":{"hasShift":true,"similarity":0.2,"recentTopics":["health","work","relationships"],"memoryTopics":["personal_growth","emotions","health"],"reason":"significant_topic_change"}}}
{"timestamp":"2025-06-30T18:24:22.090Z","userId":"e4a5a8be-48d5-477d-a3ae-bbd2ef770f3a","email":"deeshop9821@gmail.com","eventType":"SUMMARIZE_START","details":{"messageCount":0,"sessionEnd":true,"trigger":"session_end"}}
{"timestamp":"2025-06-30T18:24:28.063Z","userId":"e4a5a8be-48d5-477d-a3ae-bbd2ef770f3a","email":"deeshop9821@gmail.com","eventType":"MEMORY_UPDATE_SUCCESS","details":{"trigger":"quality_3_substantial","messageCount":14,"substantialCount":12,"summaryLength":1695,"topicShift":{"hasShift":true,"similarity":0.2,"recentTopics":["health","work","relationships"],"memoryTopics":["personal_growth","emotions","health"],"reason":"significant_topic_change"}}}
{"timestamp":"2025-06-30T18:26:06.201Z","userId":"e4a5a8be-48d5-477d-a3ae-bbd2ef770f3a","email":"deeshop9821@gmail.com","eventType":"SUMMARIZE_START","details":{"messageCount":0,"sessionEnd":true,"trigger":"session_end"}}
{"timestamp":"2025-06-30T18:26:08.459Z","userId":"e4a5a8be-48d5-477d-a3ae-bbd2ef770f3a","email":"deeshop9821@gmail.com","eventType":"MEMORY_UPDATE_SUCCESS","details":{"trigger":"quality_3_substantial","messageCount":14,"substantialCount":12,"summaryLength":1695,"topicShift":{"hasShift":true,"similarity":0.2,"recentTopics":["health","work","relationships"],"memoryTopics":["personal_growth","emotions","health"],"reason":"significant_topic_change"}}}
{"timestamp":"2025-06-30T18:26:24.957Z","userId":"e4a5a8be-48d5-477d-a3ae-bbd2ef770f3a","email":"deeshop9821@gmail.com","eventType":"SUMMARIZE_START","details":{"messageCount":0,"sessionEnd":true,"trigger":"session_end"}}
{"timestamp":"2025-06-30T18:26:26.523Z","userId":"e4a5a8be-48d5-477d-a3ae-bbd2ef770f3a","email":"deeshop9821@gmail.com","eventType":"MEMORY_UPDATE_SUCCESS","details":{"trigger":"quality_3_substantial","messageCount":14,"substantialCount":12,"summaryLength":1695,"topicShift":{"hasShift":true,"similarity":0.2,"recentTopics":["health","work","relationships"],"memoryTopics":["personal_growth","emotions","health"],"reason":"significant_topic_change"}}}
{"timestamp":"2025-06-30T18:26:33.345Z","userId":"e4a5a8be-48d5-477d-a3ae-bbd2ef770f3a","email":"deeshop9821@gmail.com","eventType":"SUMMARIZE_START","details":{"messageCount":0,"sessionEnd":true,"trigger":"session_end"}}
{"timestamp":"2025-06-30T18:26:37.150Z","userId":"e4a5a8be-48d5-477d-a3ae-bbd2ef770f3a","email":"deeshop9821@gmail.com","eventType":"MEMORY_UPDATE_SUCCESS","details":{"trigger":"quality_3_substantial","messageCount":14,"substantialCount":12,"summaryLength":1695,"topicShift":{"hasShift":true,"similarity":0.2,"recentTopics":["health","work","relationships"],"memoryTopics":["personal_growth","emotions","health"],"reason":"significant_topic_change"}}}
{"timestamp":"2025-06-30T18:26:43.979Z","userId":"e4a5a8be-48d5-477d-a3ae-bbd2ef770f3a","email":"deeshop9821@gmail.com","eventType":"SUMMARIZE_START","details":{"messageCount":0,"sessionEnd":true,"trigger":"session_end"}}
{"timestamp":"2025-06-30T18:26:46.373Z","userId":"e4a5a8be-48d5-477d-a3ae-bbd2ef770f3a","email":"deeshop9821@gmail.com","eventType":"MEMORY_UPDATE_SUCCESS","details":{"trigger":"quality_3_substantial","messageCount":14,"substantialCount":12,"summaryLength":1695,"topicShift":{"hasShift":true,"similarity":0.2,"recentTopics":["health","work","relationships"],"memoryTopics":["personal_growth","emotions","health"],"reason":"significant_topic_change"}}}
{"timestamp":"2025-06-30T18:26:52.671Z","userId":"e4a5a8be-48d5-477d-a3ae-bbd2ef770f3a","email":"deeshop9821@gmail.com","eventType":"SUMMARIZE_START","details":{"messageCount":0,"sessionEnd":true,"trigger":"session_end"}}
{"timestamp":"2025-06-30T18:26:56.086Z","userId":"e4a5a8be-48d5-477d-a3ae-bbd2ef770f3a","email":"deeshop9821@gmail.com","eventType":"MEMORY_UPDATE_SUCCESS","details":{"trigger":"quality_3_substantial","messageCount":14,"substantialCount":12,"summaryLength":1695,"topicShift":{"hasShift":true,"similarity":0.2,"recentTopics":["health","work","relationships"],"memoryTopics":["personal_growth","emotions","health"],"reason":"significant_topic_change"}}}
{"timestamp":"2025-06-30T20:03:16.062Z","userId":"e4a5a8be-48d5-477d-a3ae-bbd2ef770f3a","email":"deeshop9821@gmail.com","eventType":"SUMMARIZE_START","details":{"messageCount":0,"sessionEnd":true,"trigger":"session_end"}}
{"timestamp":"2025-06-30T20:03:18.119Z","userId":"e4a5a8be-48d5-477d-a3ae-bbd2ef770f3a","email":"deeshop9821@gmail.com","eventType":"MEMORY_UPDATE_SUCCESS","details":{"trigger":"quality_3_substantial","messageCount":14,"substantialCount":12,"summaryLength":1695,"topicShift":{"hasShift":true,"similarity":0.2,"recentTopics":["health","work","relationships"],"memoryTopics":["personal_growth","emotions","health"],"reason":"significant_topic_change"}}}
{"timestamp":"2025-06-30T20:03:29.012Z","userId":"e4a5a8be-48d5-477d-a3ae-bbd2ef770f3a","email":"deeshop9821@gmail.com","eventType":"SUMMARIZE_START","details":{"messageCount":0,"sessionEnd":true,"trigger":"session_end"}}
{"timestamp":"2025-06-30T20:03:30.662Z","userId":"e4a5a8be-48d5-477d-a3ae-bbd2ef770f3a","email":"deeshop9821@gmail.com","eventType":"MEMORY_UPDATE_SUCCESS","details":{"trigger":"quality_3_substantial","messageCount":14,"substantialCount":12,"summaryLength":1695,"topicShift":{"hasShift":true,"similarity":0.2,"recentTopics":["health","work","relationships"],"memoryTopics":["personal_growth","emotions","health"],"reason":"significant_topic_change"}}}
{"timestamp":"2025-06-30T20:23:42.058Z","userId":"e4a5a8be-48d5-477d-a3ae-bbd2ef770f3a","email":"deeshop9821@gmail.com","eventType":"SUMMARIZE_START","details":{"messageCount":0,"sessionEnd":true,"trigger":"session_end"}}
{"timestamp":"2025-06-30T20:23:45.013Z","userId":"e4a5a8be-48d5-477d-a3ae-bbd2ef770f3a","email":"deeshop9821@gmail.com","eventType":"MEMORY_UPDATE_SUCCESS","details":{"trigger":"quality_3_substantial","messageCount":14,"substantialCount":12,"summaryLength":1695,"topicShift":{"hasShift":true,"similarity":0.2,"recentTopics":["health","work","relationships"],"memoryTopics":["personal_growth","emotions","health"],"reason":"significant_topic_change"}}}
{"timestamp":"2025-07-03T01:59:13.507Z","userId":"e4a5a8be-48d5-477d-a3ae-bbd2ef770f3a","email":"deeshop9821@gmail.com","eventType":"SUMMARIZE_START","details":{"messageCount":0,"sessionEnd":true,"trigger":"session_end"}}
{"timestamp":"2025-07-03T01:59:18.229Z","userId":"e4a5a8be-48d5-477d-a3ae-bbd2ef770f3a","email":"deeshop9821@gmail.com","eventType":"MANUAL_REFRESH","details":{"success":true,"summaryLength":1695,"profileStatus":"Profile has memory_summary of length 1695 (updated: 2025-06-30T20:23:38.865654+00:00)"}}
{"timestamp":"2025-07-03T01:59:22.331Z","userId":"e4a5a8be-48d5-477d-a3ae-bbd2ef770f3a","email":"deeshop9821@gmail.com","eventType":"SUMMARIZE_START","details":{"messageCount":0,"sessionEnd":true,"trigger":"session_end"}}
{"timestamp":"2025-07-03T01:59:25.304Z","userId":"e4a5a8be-48d5-477d-a3ae-bbd2ef770f3a","email":"deeshop9821@gmail.com","eventType":"MEMORY_UPDATE_SUCCESS","details":{"trigger":"topic_shift_detected","messageCount":14,"substantialCount":11,"summaryLength":1695,"topicShift":{"hasShift":true,"similarity":0.2,"recentTopics":["health","work","relationships"],"memoryTopics":["personal_growth","emotions","health"],"reason":"significant_topic_change"}}}
{"timestamp":"2025-07-03T15:52:19.304Z","userId":"45c3579c-f9d7-4c5a-a043-e08b1e527214","email":"proservices330@gmail.com","eventType":"SUMMARIZE_START","details":{"messageCount":0,"sessionEnd":true,"trigger":"session_end"}}
{"timestamp":"2025-07-03T15:52:25.085Z","userId":"45c3579c-f9d7-4c5a-a043-e08b1e527214","email":"proservices330@gmail.com","eventType":"SUMMARIZE_SUCCESS","details":{"summaryLength":1472,"previewText":"✅ Summary generated successfully"}}
{"timestamp":"2025-07-03T15:52:25.242Z","userId":"45c3579c-f9d7-4c5a-a043-e08b1e527214","email":"proservices330@gmail.com","eventType":"MANUAL_REFRESH","details":{"success":true,"summaryLength":1472,"profileStatus":"Profile has memory_summary of length 1472 (updated: 2025-07-03T15:52:25.647375+00:00)"}}
